[2026-01-18T00:14:49.273198+00:00] Uplift.DEBUG: Running crons. [] []
[2026-01-18T00:14:49.276361+00:00] Uplift.INFO: Submitting build info to master control panel. [] []
[2026-01-18T00:14:49.341076+00:00] Uplift.INFO: Successful response from control panel was: {"data":{"id":1412,"uuid":"uplift_build_65328ab7e9a266.88555321","api_key":"uplift_api_e89c93cf7d2f023f6d30b5c6bc037902a27eba534e5a0576c257c45b596d43881b377728b75aacaf031edc9dcdd40a4a39fac6c41eb34dbde3cfc77d9c785adf","accelo_company_id":3877,"accelo_company_standing":"active","company_name":"Reyes Pressure Washing","server_ip":"199.250.201.222","website":"https:\/\/www.reyespw.com","version":"4.3.3","indexing_disabled":0,"is_test_build":0,"is_suspended":0,"updated_at":"2026-01-17T05:21:57.000000Z","created_at":null},"error":""} [] []
[2026-01-18T00:14:49.342706+00:00] Uplift.INFO: Ran 1 cron jobs. 1 succeeded. 0 failed. [] []
[2026-01-18T00:23:22.560643+00:00] Uplift.DEBUG: Running crons. [] []
[2026-01-18T00:23:22.564735+00:00] Uplift.INFO: Submitting build info to master control panel. [] []
[2026-01-18T00:23:22.635284+00:00] Uplift.INFO: Successful response from control panel was: {"data":{"id":1412,"uuid":"uplift_build_65328ab7e9a266.88555321","api_key":"uplift_api_e89c93cf7d2f023f6d30b5c6bc037902a27eba534e5a0576c257c45b596d43881b377728b75aacaf031edc9dcdd40a4a39fac6c41eb34dbde3cfc77d9c785adf","accelo_company_id":3877,"accelo_company_standing":"active","company_name":"Reyes Pressure Washing","server_ip":"199.250.201.222","website":"https:\/\/www.reyespw.com","version":"4.3.3","indexing_disabled":0,"is_test_build":0,"is_suspended":0,"updated_at":"2026-01-17T05:21:57.000000Z","created_at":null},"error":""} [] []
[2026-01-18T00:23:22.636973+00:00] Uplift.INFO: Ran 1 cron jobs. 1 succeeded. 0 failed. [] []
[2026-01-18T00:30:04.590435+00:00] Uplift.DEBUG: Running crons. [] []
[2026-01-18T00:30:04.593285+00:00] Uplift.INFO: Submitting build info to master control panel. [] []
[2026-01-18T00:30:04.676101+00:00] Uplift.INFO: Successful response from control panel was: {"data":{"id":1412,"uuid":"uplift_build_65328ab7e9a266.88555321","api_key":"uplift_api_e89c93cf7d2f023f6d30b5c6bc037902a27eba534e5a0576c257c45b596d43881b377728b75aacaf031edc9dcdd40a4a39fac6c41eb34dbde3cfc77d9c785adf","accelo_company_id":3877,"accelo_company_standing":"active","company_name":"Reyes Pressure Washing","server_ip":"199.250.201.222","website":"https:\/\/www.reyespw.com","version":"4.3.3","indexing_disabled":0,"is_test_build":0,"is_suspended":0,"updated_at":"2026-01-17T05:21:57.000000Z","created_at":null},"error":""} [] []
[2026-01-18T00:30:04.677991+00:00] Uplift.INFO: Ran 1 cron jobs. 1 succeeded. 0 failed. [] []
[2026-01-18T01:05:08.998202+00:00] Uplift.DEBUG: Running crons. [] []
[2026-01-18T01:05:09.001777+00:00] Uplift.INFO: Submitting build info to master control panel. [] []
[2026-01-18T01:05:09.087952+00:00] Uplift.INFO: Successful response from control panel was: {"data":{"id":1412,"uuid":"uplift_build_65328ab7e9a266.88555321","api_key":"uplift_api_e89c93cf7d2f023f6d30b5c6bc037902a27eba534e5a0576c257c45b596d43881b377728b75aacaf031edc9dcdd40a4a39fac6c41eb34dbde3cfc77d9c785adf","accelo_company_id":3877,"accelo_company_standing":"active","company_name":"Reyes Pressure Washing","server_ip":"199.250.201.222","website":"https:\/\/www.reyespw.com","version":"4.3.3","indexing_disabled":0,"is_test_build":0,"is_suspended":0,"updated_at":"2026-01-17T05:21:57.000000Z","created_at":null},"error":""} [] []
[2026-01-18T01:05:09.090386+00:00] Uplift.INFO: Ran 1 cron jobs. 1 succeeded. 0 failed. [] []
[2026-01-18T01:28:53.064844+00:00] Uplift.DEBUG: Running crons. [] []
[2026-01-18T01:28:53.067768+00:00] Uplift.INFO: Submitting build info to master control panel. [] []
[2026-01-18T01:28:53.138775+00:00] Uplift.INFO: Successful response from control panel was: {"data":{"id":1412,"uuid":"uplift_build_65328ab7e9a266.88555321","api_key":"uplift_api_e89c93cf7d2f023f6d30b5c6bc037902a27eba534e5a0576c257c45b596d43881b377728b75aacaf031edc9dcdd40a4a39fac6c41eb34dbde3cfc77d9c785adf","accelo_company_id":3877,"accelo_company_standing":"active","company_name":"Reyes Pressure Washing","server_ip":"199.250.201.222","website":"https:\/\/www.reyespw.com","version":"4.3.3","indexing_disabled":0,"is_test_build":0,"is_suspended":0,"updated_at":"2026-01-17T05:21:57.000000Z","created_at":null},"error":""} [] []
[2026-01-18T01:28:53.140475+00:00] Uplift.INFO: Ran 1 cron jobs. 1 succeeded. 0 failed. [] []
[2026-01-18T01:28:58.561257+00:00] Uplift.DEBUG: Running crons. [] []
[2026-01-18T01:28:58.563673+00:00] Uplift.DEBUG: Crons\Jobs\SendUpdateToControlPanel is not due yet. Next due timestamp is 1768700033 which is Jan 18, 2026 01:33:53 [] []
[2026-01-18T01:55:50.936581+00:00] Uplift.DEBUG: Running crons. [] []
[2026-01-18T01:55:50.939743+00:00] Uplift.INFO: Submitting build info to master control panel. [] []
[2026-01-18T01:55:51.005480+00:00] Uplift.INFO: Successful response from control panel was: {"data":{"id":1412,"uuid":"uplift_build_65328ab7e9a266.88555321","api_key":"uplift_api_e89c93cf7d2f023f6d30b5c6bc037902a27eba534e5a0576c257c45b596d43881b377728b75aacaf031edc9dcdd40a4a39fac6c41eb34dbde3cfc77d9c785adf","accelo_company_id":3877,"accelo_company_standing":"active","company_name":"Reyes Pressure Washing","server_ip":"199.250.201.222","website":"https:\/\/www.reyespw.com","version":"4.3.3","indexing_disabled":0,"is_test_build":0,"is_suspended":0,"updated_at":"2026-01-17T05:21:57.000000Z","created_at":null},"error":""} [] []
[2026-01-18T01:55:51.007233+00:00] Uplift.INFO: Ran 1 cron jobs. 1 succeeded. 0 failed. [] []
[2026-01-18T01:55:52.755100+00:00] Uplift.DEBUG: Running crons. [] []
[2026-01-18T01:55:52.758591+00:00] Uplift.DEBUG: Crons\Jobs\SendUpdateToControlPanel is not due yet. Next due timestamp is 1768701650 which is Jan 18, 2026 02:00:50 [] []
[2026-01-18T02:11:34.548868+00:00] Uplift.DEBUG: Running crons. [] []
[2026-01-18T02:11:34.551705+00:00] Uplift.INFO: Submitting build info to master control panel. [] []
[2026-01-18T02:11:34.624556+00:00] Uplift.INFO: Successful response from control panel was: {"data":{"id":1412,"uuid":"uplift_build_65328ab7e9a266.88555321","api_key":"uplift_api_e89c93cf7d2f023f6d30b5c6bc037902a27eba534e5a0576c257c45b596d43881b377728b75aacaf031edc9dcdd40a4a39fac6c41eb34dbde3cfc77d9c785adf","accelo_company_id":3877,"accelo_company_standing":"active","company_name":"Reyes Pressure Washing","server_ip":"199.250.201.222","website":"https:\/\/www.reyespw.com","version":"4.3.3","indexing_disabled":0,"is_test_build":0,"is_suspended":0,"updated_at":"2026-01-17T05:21:57.000000Z","created_at":null},"error":""} [] []
[2026-01-18T02:11:34.626452+00:00] Uplift.INFO: Ran 1 cron jobs. 1 succeeded. 0 failed. [] []
[2026-01-18T02:13:10.040939+00:00] Uplift.DEBUG: Running crons. [] []
[2026-01-18T02:13:10.043844+00:00] Uplift.DEBUG: Crons\Jobs\SendUpdateToControlPanel is not due yet. Next due timestamp is 1768702594 which is Jan 18, 2026 02:16:34 [] []
[2026-01-18T02:13:13.503199+00:00] Uplift.DEBUG: Running crons. [] []
[2026-01-18T02:13:13.505808+00:00] Uplift.DEBUG: Crons\Jobs\SendUpdateToControlPanel is not due yet. Next due timestamp is 1768702594 which is Jan 18, 2026 02:16:34 [] []
[2026-01-18T02:59:25.946566+00:00] Uplift.DEBUG: Running crons. [] []
[2026-01-18T02:59:25.953975+00:00] Uplift.INFO: Submitting build info to master control panel. [] []
[2026-01-18T02:59:26.039374+00:00] Uplift.INFO: Successful response from control panel was: {"data":{"id":1412,"uuid":"uplift_build_65328ab7e9a266.88555321","api_key":"uplift_api_e89c93cf7d2f023f6d30b5c6bc037902a27eba534e5a0576c257c45b596d43881b377728b75aacaf031edc9dcdd40a4a39fac6c41eb34dbde3cfc77d9c785adf","accelo_company_id":3877,"accelo_company_standing":"active","company_name":"Reyes Pressure Washing","server_ip":"199.250.201.222","website":"https:\/\/www.reyespw.com","version":"4.3.3","indexing_disabled":0,"is_test_build":0,"is_suspended":0,"updated_at":"2026-01-17T05:21:57.000000Z","created_at":null},"error":""} [] []
[2026-01-18T02:59:26.042173+00:00] Uplift.INFO: Ran 1 cron jobs. 1 succeeded. 0 failed. [] []
[2026-01-18T03:04:26.624494+00:00] Uplift.DEBUG: Running crons. [] []
[2026-01-18T03:04:26.628888+00:00] Uplift.INFO: Submitting build info to master control panel. [] []
[2026-01-18T03:04:26.697239+00:00] Uplift.INFO: Successful response from control panel was: {"data":{"id":1412,"uuid":"uplift_build_65328ab7e9a266.88555321","api_key":"uplift_api_e89c93cf7d2f023f6d30b5c6bc037902a27eba534e5a0576c257c45b596d43881b377728b75aacaf031edc9dcdd40a4a39fac6c41eb34dbde3cfc77d9c785adf","accelo_company_id":3877,"accelo_company_standing":"active","company_name":"Reyes Pressure Washing","server_ip":"199.250.201.222","website":"https:\/\/www.reyespw.com","version":"4.3.3","indexing_disabled":0,"is_test_build":0,"is_suspended":0,"updated_at":"2026-01-17T05:21:57.000000Z","created_at":null},"error":""} [] []
[2026-01-18T03:04:26.699894+00:00] Uplift.INFO: Ran 1 cron jobs. 1 succeeded. 0 failed. [] []
[2026-01-18T03:04:28.195471+00:00] Uplift.DEBUG: Running crons. [] []
[2026-01-18T03:04:28.198042+00:00] Uplift.DEBUG: Crons\Jobs\SendUpdateToControlPanel is not due yet. Next due timestamp is 1768705766 which is Jan 18, 2026 03:09:26 [] []
[2026-01-18T03:04:36.527330+00:00] Uplift.DEBUG: Running crons. [] []
[2026-01-18T03:04:36.529874+00:00] Uplift.DEBUG: Crons\Jobs\SendUpdateToControlPanel is not due yet. Next due timestamp is 1768705766 which is Jan 18, 2026 03:09:26 [] []
[2026-01-18T03:04:36.588448+00:00] Uplift.DEBUG: Running crons. [] []
[2026-01-18T03:04:36.590797+00:00] Uplift.DEBUG: Crons\Jobs\SendUpdateToControlPanel is not due yet. Next due timestamp is 1768705766 which is Jan 18, 2026 03:09:26 [] []
[2026-01-18T03:04:36.720252+00:00] Uplift.DEBUG: Running crons. [] []
[2026-01-18T03:04:36.724919+00:00] Uplift.DEBUG: Crons\Jobs\SendUpdateToControlPanel is not due yet. Next due timestamp is 1768705766 which is Jan 18, 2026 03:09:26 [] []
[2026-01-18T03:04:37.158463+00:00] Uplift.DEBUG: Running crons. [] []
[2026-01-18T03:04:37.198633+00:00] Uplift.DEBUG: Crons\Jobs\SendUpdateToControlPanel is not due yet. Next due timestamp is 1768705766 which is Jan 18, 2026 03:09:26 [] []
[2026-01-18T03:04:37.670715+00:00] Uplift.DEBUG: Running crons. [] []
[2026-01-18T03:04:37.673415+00:00] Uplift.DEBUG: Crons\Jobs\SendUpdateToControlPanel is not due yet. Next due timestamp is 1768705766 which is Jan 18, 2026 03:09:26 [] []
[2026-01-18T03:04:37.758136+00:00] Uplift.DEBUG: Running crons. [] []
[2026-01-18T03:04:37.766385+00:00] Uplift.DEBUG: Crons\Jobs\SendUpdateToControlPanel is not due yet. Next due timestamp is 1768705766 which is Jan 18, 2026 03:09:26 [] []
[2026-01-18T03:04:37.812765+00:00] Uplift.DEBUG: Running crons. [] []
[2026-01-18T03:04:37.815286+00:00] Uplift.DEBUG: Crons\Jobs\SendUpdateToControlPanel is not due yet. Next due timestamp is 1768705766 which is Jan 18, 2026 03:09:26 [] []
[2026-01-18T03:04:38.319774+00:00] Uplift.DEBUG: Running crons. [] []
[2026-01-18T03:04:38.336652+00:00] Uplift.DEBUG: Crons\Jobs\SendUpdateToControlPanel is not due yet. Next due timestamp is 1768705766 which is Jan 18, 2026 03:09:26 [] []
[2026-01-18T03:04:38.376501+00:00] Uplift.DEBUG: Running crons. [] []
[2026-01-18T03:04:38.486594+00:00] Uplift.DEBUG: Running crons. [] []
[2026-01-18T03:04:38.489102+00:00] Uplift.DEBUG: Crons\Jobs\SendUpdateToControlPanel is not due yet. Next due timestamp is 1768705766 which is Jan 18, 2026 03:09:26 [] []
[2026-01-18T03:04:38.530844+00:00] Uplift.DEBUG: Crons\Jobs\SendUpdateToControlPanel is not due yet. Next due timestamp is 1768705766 which is Jan 18, 2026 03:09:26 [] []
[2026-01-18T03:04:38.557565+00:00] Uplift.DEBUG: Running crons. [] []
[2026-01-18T03:04:38.562905+00:00] Uplift.DEBUG: Running crons. [] []
[2026-01-18T03:04:38.566524+00:00] Uplift.DEBUG: Crons\Jobs\SendUpdateToControlPanel is not due yet. Next due timestamp is 1768705766 which is Jan 18, 2026 03:09:26 [] []
[2026-01-18T03:04:38.574169+00:00] Uplift.DEBUG: Running crons. [] []
[2026-01-18T03:04:38.577068+00:00] Uplift.DEBUG: Crons\Jobs\SendUpdateToControlPanel is not due yet. Next due timestamp is 1768705766 which is Jan 18, 2026 03:09:26 [] []
[2026-01-18T03:04:38.578548+00:00] Uplift.DEBUG: Crons\Jobs\SendUpdateToControlPanel is not due yet. Next due timestamp is 1768705766 which is Jan 18, 2026 03:09:26 [] []
[2026-01-18T03:04:39.193420+00:00] Uplift.DEBUG: Running crons. [] []
[2026-01-18T03:04:39.266764+00:00] Uplift.DEBUG: Crons\Jobs\SendUpdateToControlPanel is not due yet. Next due timestamp is 1768705766 which is Jan 18, 2026 03:09:26 [] []
[2026-01-18T03:04:39.222345+00:00] Uplift.DEBUG: Running crons. [] []
[2026-01-18T03:04:39.298533+00:00] Uplift.DEBUG: Crons\Jobs\SendUpdateToControlPanel is not due yet. Next due timestamp is 1768705766 which is Jan 18, 2026 03:09:26 [] []
[2026-01-18T03:04:39.722091+00:00] Uplift.DEBUG: Running crons. [] []
[2026-01-18T03:04:39.724667+00:00] Uplift.DEBUG: Crons\Jobs\SendUpdateToControlPanel is not due yet. Next due timestamp is 1768705766 which is Jan 18, 2026 03:09:26 [] []
[2026-01-18T03:04:39.735749+00:00] Uplift.DEBUG: Running crons. [] []
[2026-01-18T03:04:39.831926+00:00] Uplift.DEBUG: Crons\Jobs\SendUpdateToControlPanel is not due yet. Next due timestamp is 1768705766 which is Jan 18, 2026 03:09:26 [] []
[2026-01-18T03:04:39.924317+00:00] Uplift.DEBUG: Running crons. [] []
[2026-01-18T03:04:40.041430+00:00] Uplift.DEBUG: Running crons. [] []
[2026-01-18T03:04:40.247754+00:00] Uplift.DEBUG: Crons\Jobs\SendUpdateToControlPanel is not due yet. Next due timestamp is 1768705766 which is Jan 18, 2026 03:09:26 [] []
[2026-01-18T03:04:40.264838+00:00] Uplift.DEBUG: Running crons. [] []
[2026-01-18T03:04:40.299433+00:00] Uplift.DEBUG: Crons\Jobs\SendUpdateToControlPanel is not due yet. Next due timestamp is 1768705766 which is Jan 18, 2026 03:09:26 [] []
[2026-01-18T03:04:40.307521+00:00] Uplift.DEBUG: Crons\Jobs\SendUpdateToControlPanel is not due yet. Next due timestamp is 1768705766 which is Jan 18, 2026 03:09:26 [] []
[2026-01-18T03:04:40.950592+00:00] Uplift.DEBUG: Running crons. [] []
[2026-01-18T03:04:40.956653+00:00] Uplift.DEBUG: Crons\Jobs\SendUpdateToControlPanel is not due yet. Next due timestamp is 1768705766 which is Jan 18, 2026 03:09:26 [] []
[2026-01-18T03:04:41.631652+00:00] Uplift.DEBUG: Running crons. [] []
[2026-01-18T03:04:41.657444+00:00] Uplift.DEBUG: Crons\Jobs\SendUpdateToControlPanel is not due yet. Next due timestamp is 1768705766 which is Jan 18, 2026 03:09:26 [] []
[2026-01-18T03:04:42.612838+00:00] Uplift.DEBUG: Running crons. [] []
[2026-01-18T03:04:42.615375+00:00] Uplift.DEBUG: Crons\Jobs\SendUpdateToControlPanel is not due yet. Next due timestamp is 1768705766 which is Jan 18, 2026 03:09:26 [] []
[2026-01-18T03:04:42.619217+00:00] Uplift.DEBUG: Running crons. [] []
[2026-01-18T03:04:42.634808+00:00] Uplift.DEBUG: Crons\Jobs\SendUpdateToControlPanel is not due yet. Next due timestamp is 1768705766 which is Jan 18, 2026 03:09:26 [] []
[2026-01-18T03:04:42.752852+00:00] Uplift.DEBUG: Running crons. [] []
[2026-01-18T03:04:42.755398+00:00] Uplift.DEBUG: Crons\Jobs\SendUpdateToControlPanel is not due yet. Next due timestamp is 1768705766 which is Jan 18, 2026 03:09:26 [] []
[2026-01-18T03:04:43.016652+00:00] Uplift.DEBUG: Running crons. [] []
[2026-01-18T03:04:43.023249+00:00] Uplift.DEBUG: Crons\Jobs\SendUpdateToControlPanel is not due yet. Next due timestamp is 1768705766 which is Jan 18, 2026 03:09:26 [] []
[2026-01-18T03:04:43.021171+00:00] Uplift.DEBUG: Running crons. [] []
[2026-01-18T03:04:43.029779+00:00] Uplift.DEBUG: Crons\Jobs\SendUpdateToControlPanel is not due yet. Next due timestamp is 1768705766 which is Jan 18, 2026 03:09:26 [] []
[2026-01-18T03:04:43.241502+00:00] Uplift.DEBUG: Running crons. [] []
[2026-01-18T03:04:43.277659+00:00] Uplift.DEBUG: Crons\Jobs\SendUpdateToControlPanel is not due yet. Next due timestamp is 1768705766 which is Jan 18, 2026 03:09:26 [] []
[2026-01-18T03:04:43.278856+00:00] Uplift.DEBUG: Running crons. [] []
[2026-01-18T03:04:43.318591+00:00] Uplift.DEBUG: Crons\Jobs\SendUpdateToControlPanel is not due yet. Next due timestamp is 1768705766 which is Jan 18, 2026 03:09:26 [] []
[2026-01-18T03:04:43.450872+00:00] Uplift.DEBUG: Running crons. [] []
[2026-01-18T03:04:43.464358+00:00] Uplift.DEBUG: Crons\Jobs\SendUpdateToControlPanel is not due yet. Next due timestamp is 1768705766 which is Jan 18, 2026 03:09:26 [] []
[2026-01-18T03:19:04.900632+00:00] Uplift.DEBUG: Running crons. [] []
[2026-01-18T03:19:04.903786+00:00] Uplift.INFO: Submitting build info to master control panel. [] []
[2026-01-18T03:19:04.999150+00:00] Uplift.INFO: Successful response from control panel was: {"data":{"id":1412,"uuid":"uplift_build_65328ab7e9a266.88555321","api_key":"uplift_api_e89c93cf7d2f023f6d30b5c6bc037902a27eba534e5a0576c257c45b596d43881b377728b75aacaf031edc9dcdd40a4a39fac6c41eb34dbde3cfc77d9c785adf","accelo_company_id":3877,"accelo_company_standing":"active","company_name":"Reyes Pressure Washing","server_ip":"199.250.201.222","website":"https:\/\/www.reyespw.com","version":"4.3.3","indexing_disabled":0,"is_test_build":0,"is_suspended":0,"updated_at":"2026-01-17T05:21:57.000000Z","created_at":null},"error":""} [] []
[2026-01-18T03:19:05.001779+00:00] Uplift.INFO: Ran 1 cron jobs. 1 succeeded. 0 failed. [] []
[2026-01-18T03:44:26.326583+00:00] Uplift.DEBUG: Running crons. [] []
[2026-01-18T03:44:26.329481+00:00] Uplift.INFO: Submitting build info to master control panel. [] []
[2026-01-18T03:44:26.400249+00:00] Uplift.INFO: Successful response from control panel was: {"data":{"id":1412,"uuid":"uplift_build_65328ab7e9a266.88555321","api_key":"uplift_api_e89c93cf7d2f023f6d30b5c6bc037902a27eba534e5a0576c257c45b596d43881b377728b75aacaf031edc9dcdd40a4a39fac6c41eb34dbde3cfc77d9c785adf","accelo_company_id":3877,"accelo_company_standing":"active","company_name":"Reyes Pressure Washing","server_ip":"199.250.201.222","website":"https:\/\/www.reyespw.com","version":"4.3.3","indexing_disabled":0,"is_test_build":0,"is_suspended":0,"updated_at":"2026-01-17T05:21:57.000000Z","created_at":null},"error":""} [] []
[2026-01-18T03:44:26.402657+00:00] Uplift.INFO: Ran 1 cron jobs. 1 succeeded. 0 failed. [] []
[2026-01-18T03:50:17.429715+00:00] Uplift.DEBUG: Running crons. [] []
[2026-01-18T03:50:17.432666+00:00] Uplift.INFO: Submitting build info to master control panel. [] []
[2026-01-18T03:50:17.497947+00:00] Uplift.INFO: Successful response from control panel was: {"data":{"id":1412,"uuid":"uplift_build_65328ab7e9a266.88555321","api_key":"uplift_api_e89c93cf7d2f023f6d30b5c6bc037902a27eba534e5a0576c257c45b596d43881b377728b75aacaf031edc9dcdd40a4a39fac6c41eb34dbde3cfc77d9c785adf","accelo_company_id":3877,"accelo_company_standing":"active","company_name":"Reyes Pressure Washing","server_ip":"199.250.201.222","website":"https:\/\/www.reyespw.com","version":"4.3.3","indexing_disabled":0,"is_test_build":0,"is_suspended":0,"updated_at":"2026-01-17T05:21:57.000000Z","created_at":null},"error":""} [] []
[2026-01-18T03:50:17.499651+00:00] Uplift.INFO: Ran 1 cron jobs. 1 succeeded. 0 failed. [] []
[2026-01-18T04:07:15.738645+00:00] Uplift.DEBUG: Running crons. [] []
[2026-01-18T04:07:15.741477+00:00] Uplift.INFO: Submitting build info to master control panel. [] []
[2026-01-18T04:07:15.811076+00:00] Uplift.INFO: Successful response from control panel was: {"data":{"id":1412,"uuid":"uplift_build_65328ab7e9a266.88555321","api_key":"uplift_api_e89c93cf7d2f023f6d30b5c6bc037902a27eba534e5a0576c257c45b596d43881b377728b75aacaf031edc9dcdd40a4a39fac6c41eb34dbde3cfc77d9c785adf","accelo_company_id":3877,"accelo_company_standing":"active","company_name":"Reyes Pressure Washing","server_ip":"199.250.201.222","website":"https:\/\/www.reyespw.com","version":"4.3.3","indexing_disabled":0,"is_test_build":0,"is_suspended":0,"updated_at":"2026-01-17T05:21:57.000000Z","created_at":null},"error":""} [] []
[2026-01-18T04:07:15.813619+00:00] Uplift.INFO: Ran 1 cron jobs. 1 succeeded. 0 failed. [] []
[2026-01-18T04:18:29.868055+00:00] Uplift.DEBUG: Running crons. [] []
[2026-01-18T04:18:29.870750+00:00] Uplift.INFO: Submitting build info to master control panel. [] []
[2026-01-18T04:18:29.947773+00:00] Uplift.INFO: Successful response from control panel was: {"data":{"id":1412,"uuid":"uplift_build_65328ab7e9a266.88555321","api_key":"uplift_api_e89c93cf7d2f023f6d30b5c6bc037902a27eba534e5a0576c257c45b596d43881b377728b75aacaf031edc9dcdd40a4a39fac6c41eb34dbde3cfc77d9c785adf","accelo_company_id":3877,"accelo_company_standing":"active","company_name":"Reyes Pressure Washing","server_ip":"199.250.201.222","website":"https:\/\/www.reyespw.com","version":"4.3.3","indexing_disabled":0,"is_test_build":0,"is_suspended":0,"updated_at":"2026-01-17T05:21:57.000000Z","created_at":null},"error":""} [] []
[2026-01-18T04:18:29.949433+00:00] Uplift.INFO: Ran 1 cron jobs. 1 succeeded. 0 failed. [] []
[2026-01-18T04:40:11.279731+00:00] Uplift.DEBUG: Running crons. [] []
[2026-01-18T04:40:11.285859+00:00] Uplift.INFO: Submitting build info to master control panel. [] []
[2026-01-18T04:40:11.365530+00:00] Uplift.INFO: Successful response from control panel was: {"data":{"id":1412,"uuid":"uplift_build_65328ab7e9a266.88555321","api_key":"uplift_api_e89c93cf7d2f023f6d30b5c6bc037902a27eba534e5a0576c257c45b596d43881b377728b75aacaf031edc9dcdd40a4a39fac6c41eb34dbde3cfc77d9c785adf","accelo_company_id":3877,"accelo_company_standing":"active","company_name":"Reyes Pressure Washing","server_ip":"199.250.201.222","website":"https:\/\/www.reyespw.com","version":"4.3.3","indexing_disabled":0,"is_test_build":0,"is_suspended":0,"updated_at":"2026-01-17T05:21:57.000000Z","created_at":null},"error":""} [] []
[2026-01-18T04:40:11.367291+00:00] Uplift.INFO: Ran 1 cron jobs. 1 succeeded. 0 failed. [] []
[2026-01-18T05:00:12.863449+00:00] Uplift.DEBUG: Running crons. [] []
[2026-01-18T05:00:12.876178+00:00] Uplift.INFO: Submitting build info to master control panel. [] []
[2026-01-18T05:00:12.992349+00:00] Uplift.INFO: Successful response from control panel was: {"data":{"id":1412,"uuid":"uplift_build_65328ab7e9a266.88555321","api_key":"uplift_api_e89c93cf7d2f023f6d30b5c6bc037902a27eba534e5a0576c257c45b596d43881b377728b75aacaf031edc9dcdd40a4a39fac6c41eb34dbde3cfc77d9c785adf","accelo_company_id":3877,"accelo_company_standing":"active","company_name":"Reyes Pressure Washing","server_ip":"199.250.201.222","website":"https:\/\/www.reyespw.com","version":"4.3.3","indexing_disabled":0,"is_test_build":0,"is_suspended":0,"updated_at":"2026-01-17T05:21:57.000000Z","created_at":null},"error":""} [] []
[2026-01-18T05:00:12.994071+00:00] Uplift.INFO: Ran 1 cron jobs. 1 succeeded. 0 failed. [] []
[2026-01-18T05:01:24.364437+00:00] Uplift.DEBUG: Running crons. [] []
[2026-01-18T05:01:24.366914+00:00] Uplift.DEBUG: Crons\Jobs\SendUpdateToControlPanel is not due yet. Next due timestamp is 1768712712 which is Jan 18, 2026 05:05:12 [] []
[2026-01-18T05:07:31.241516+00:00] Uplift.DEBUG: Running crons. [] []
[2026-01-18T05:07:31.244366+00:00] Uplift.INFO: Submitting build info to master control panel. [] []
[2026-01-18T05:07:31.312573+00:00] Uplift.INFO: Successful response from control panel was: {"data":{"id":1412,"uuid":"uplift_build_65328ab7e9a266.88555321","api_key":"uplift_api_e89c93cf7d2f023f6d30b5c6bc037902a27eba534e5a0576c257c45b596d43881b377728b75aacaf031edc9dcdd40a4a39fac6c41eb34dbde3cfc77d9c785adf","accelo_company_id":3877,"accelo_company_standing":"active","company_name":"Reyes Pressure Washing","server_ip":"199.250.201.222","website":"https:\/\/www.reyespw.com","version":"4.3.3","indexing_disabled":0,"is_test_build":0,"is_suspended":0,"updated_at":"2026-01-17T05:21:57.000000Z","created_at":null},"error":""} [] []
[2026-01-18T05:07:31.314219+00:00] Uplift.INFO: Ran 1 cron jobs. 1 succeeded. 0 failed. [] []
[2026-01-18T05:21:18.740426+00:00] Uplift.DEBUG: Running crons. [] []
[2026-01-18T05:21:18.743598+00:00] Uplift.INFO: Submitting build info to master control panel. [] []
[2026-01-18T05:21:18.809047+00:00] Uplift.INFO: Successful response from control panel was: {"data":{"id":1412,"uuid":"uplift_build_65328ab7e9a266.88555321","api_key":"uplift_api_e89c93cf7d2f023f6d30b5c6bc037902a27eba534e5a0576c257c45b596d43881b377728b75aacaf031edc9dcdd40a4a39fac6c41eb34dbde3cfc77d9c785adf","accelo_company_id":3877,"accelo_company_standing":"active","company_name":"Reyes Pressure Washing","server_ip":"199.250.201.222","website":"https:\/\/www.reyespw.com","version":"4.3.3","indexing_disabled":0,"is_test_build":0,"is_suspended":0,"updated_at":"2026-01-17T05:21:57.000000Z","created_at":null},"error":""} [] []
[2026-01-18T05:21:18.810825+00:00] Uplift.INFO: Ran 1 cron jobs. 1 succeeded. 0 failed. [] []
[2026-01-18T05:28:22.409849+00:00] Uplift.DEBUG: Running crons. [] []
[2026-01-18T05:28:22.412738+00:00] Uplift.INFO: Submitting build info to master control panel. [] []
[2026-01-18T05:28:22.479374+00:00] Uplift.INFO: Successful response from control panel was: {"data":{"id":1412,"uuid":"uplift_build_65328ab7e9a266.88555321","api_key":"uplift_api_e89c93cf7d2f023f6d30b5c6bc037902a27eba534e5a0576c257c45b596d43881b377728b75aacaf031edc9dcdd40a4a39fac6c41eb34dbde3cfc77d9c785adf","accelo_company_id":3877,"accelo_company_standing":"active","company_name":"Reyes Pressure Washing","server_ip":"199.250.201.222","website":"https:\/\/www.reyespw.com","version":"4.3.3","indexing_disabled":0,"is_test_build":0,"is_suspended":0,"updated_at":"2026-01-17T05:21:57.000000Z","created_at":null},"error":""} [] []
[2026-01-18T05:28:22.481099+00:00] Uplift.INFO: Ran 1 cron jobs. 1 succeeded. 0 failed. [] []
[2026-01-18T05:28:59.654531+00:00] Uplift.DEBUG: Running crons. [] []
[2026-01-18T05:28:59.657154+00:00] Uplift.DEBUG: Crons\Jobs\SendUpdateToControlPanel is not due yet. Next due timestamp is 1768714402 which is Jan 18, 2026 05:33:22 [] []
[2026-01-18T05:29:47.162329+00:00] Uplift.DEBUG: Running crons. [] []
[2026-01-18T05:29:47.164786+00:00] Uplift.DEBUG: Crons\Jobs\SendUpdateToControlPanel is not due yet. Next due timestamp is 1768714402 which is Jan 18, 2026 05:33:22 [] []
[2026-01-18T05:29:50.100363+00:00] Uplift.DEBUG: Running crons. [] []
[2026-01-18T05:29:50.102830+00:00] Uplift.DEBUG: Crons\Jobs\SendUpdateToControlPanel is not due yet. Next due timestamp is 1768714402 which is Jan 18, 2026 05:33:22 [] []
[2026-01-18T05:32:07.913672+00:00] Uplift.DEBUG: Running crons. [] []
[2026-01-18T05:32:07.916875+00:00] Uplift.DEBUG: Crons\Jobs\SendUpdateToControlPanel is not due yet. Next due timestamp is 1768714402 which is Jan 18, 2026 05:33:22 [] []
[2026-01-18T05:33:02.205802+00:00] Uplift.DEBUG: Running crons. [] []
[2026-01-18T05:33:02.208261+00:00] Uplift.DEBUG: Crons\Jobs\SendUpdateToControlPanel is not due yet. Next due timestamp is 1768714402 which is Jan 18, 2026 05:33:22 [] []
[2026-01-18T05:33:40.283655+00:00] Uplift.DEBUG: Running crons. [] []
[2026-01-18T05:33:40.286055+00:00] Uplift.INFO: Submitting build info to master control panel. [] []
[2026-01-18T05:33:40.357378+00:00] Uplift.INFO: Successful response from control panel was: {"data":{"id":1412,"uuid":"uplift_build_65328ab7e9a266.88555321","api_key":"uplift_api_e89c93cf7d2f023f6d30b5c6bc037902a27eba534e5a0576c257c45b596d43881b377728b75aacaf031edc9dcdd40a4a39fac6c41eb34dbde3cfc77d9c785adf","accelo_company_id":3877,"accelo_company_standing":"active","company_name":"Reyes Pressure Washing","server_ip":"199.250.201.222","website":"https:\/\/www.reyespw.com","version":"4.3.3","indexing_disabled":0,"is_test_build":0,"is_suspended":0,"updated_at":"2026-01-17T05:21:57.000000Z","created_at":null},"error":""} [] []
[2026-01-18T05:33:40.359773+00:00] Uplift.INFO: Ran 1 cron jobs. 1 succeeded. 0 failed. [] []
[2026-01-18T05:34:46.193129+00:00] Uplift.DEBUG: Running crons. [] []
[2026-01-18T05:34:46.195909+00:00] Uplift.DEBUG: Crons\Jobs\SendUpdateToControlPanel is not due yet. Next due timestamp is 1768714720 which is Jan 18, 2026 05:38:40 [] []
[2026-01-18T05:35:44.296664+00:00] Uplift.DEBUG: Running crons. [] []
[2026-01-18T05:35:44.299050+00:00] Uplift.DEBUG: Crons\Jobs\SendUpdateToControlPanel is not due yet. Next due timestamp is 1768714720 which is Jan 18, 2026 05:38:40 [] []
[2026-01-18T05:36:34.239849+00:00] Uplift.DEBUG: Running crons. [] []
[2026-01-18T05:36:34.242228+00:00] Uplift.DEBUG: Crons\Jobs\SendUpdateToControlPanel is not due yet. Next due timestamp is 1768714720 which is Jan 18, 2026 05:38:40 [] []
[2026-01-18T05:38:17.427848+00:00] Uplift.DEBUG: Running crons. [] []
[2026-01-18T05:38:17.430239+00:00] Uplift.DEBUG: Crons\Jobs\SendUpdateToControlPanel is not due yet. Next due timestamp is 1768714720 which is Jan 18, 2026 05:38:40 [] []
[2026-01-18T05:38:20.388410+00:00] Uplift.DEBUG: Running crons. [] []
[2026-01-18T05:38:20.391034+00:00] Uplift.DEBUG: Crons\Jobs\SendUpdateToControlPanel is not due yet. Next due timestamp is 1768714720 which is Jan 18, 2026 05:38:40 [] []
[2026-01-18T05:38:28.339692+00:00] Uplift.DEBUG: Running crons. [] []
[2026-01-18T05:38:28.343126+00:00] Uplift.DEBUG: Crons\Jobs\SendUpdateToControlPanel is not due yet. Next due timestamp is 1768714720 which is Jan 18, 2026 05:38:40 [] []
[2026-01-18T05:38:33.398803+00:00] Uplift.DEBUG: Running crons. [] []
[2026-01-18T05:38:33.401267+00:00] Uplift.DEBUG: Crons\Jobs\SendUpdateToControlPanel is not due yet. Next due timestamp is 1768714720 which is Jan 18, 2026 05:38:40 [] []
[2026-01-18T05:39:15.379911+00:00] Uplift.DEBUG: Running crons. [] []
[2026-01-18T05:39:15.383523+00:00] Uplift.INFO: Submitting build info to master control panel. [] []
[2026-01-18T05:39:15.455608+00:00] Uplift.INFO: Successful response from control panel was: {"data":{"id":1412,"uuid":"uplift_build_65328ab7e9a266.88555321","api_key":"uplift_api_e89c93cf7d2f023f6d30b5c6bc037902a27eba534e5a0576c257c45b596d43881b377728b75aacaf031edc9dcdd40a4a39fac6c41eb34dbde3cfc77d9c785adf","accelo_company_id":3877,"accelo_company_standing":"active","company_name":"Reyes Pressure Washing","server_ip":"199.250.201.222","website":"https:\/\/www.reyespw.com","version":"4.3.3","indexing_disabled":0,"is_test_build":0,"is_suspended":0,"updated_at":"2026-01-17T05:21:57.000000Z","created_at":null},"error":""} [] []
[2026-01-18T05:39:15.457476+00:00] Uplift.INFO: Ran 1 cron jobs. 1 succeeded. 0 failed. [] []
[2026-01-18T05:39:44.278676+00:00] Uplift.DEBUG: Running crons. [] []
[2026-01-18T05:39:44.281311+00:00] Uplift.DEBUG: Crons\Jobs\SendUpdateToControlPanel is not due yet. Next due timestamp is 1768715055 which is Jan 18, 2026 05:44:15 [] []
[2026-01-18T05:39:48.427438+00:00] Uplift.DEBUG: Running crons. [] []
[2026-01-18T05:39:48.429915+00:00] Uplift.DEBUG: Crons\Jobs\SendUpdateToControlPanel is not due yet. Next due timestamp is 1768715055 which is Jan 18, 2026 05:44:15 [] []
[2026-01-18T05:39:50.431763+00:00] Uplift.DEBUG: Running crons. [] []
[2026-01-18T05:39:50.435204+00:00] Uplift.DEBUG: Crons\Jobs\SendUpdateToControlPanel is not due yet. Next due timestamp is 1768715055 which is Jan 18, 2026 05:44:15 [] []
[2026-01-18T05:41:01.468934+00:00] Uplift.DEBUG: Running crons. [] []
[2026-01-18T05:41:01.472649+00:00] Uplift.DEBUG: Crons\Jobs\SendUpdateToControlPanel is not due yet. Next due timestamp is 1768715055 which is Jan 18, 2026 05:44:15 [] []
[2026-01-18T05:41:03.510107+00:00] Uplift.DEBUG: Running crons. [] []
[2026-01-18T05:41:03.512737+00:00] Uplift.DEBUG: Crons\Jobs\SendUpdateToControlPanel is not due yet. Next due timestamp is 1768715055 which is Jan 18, 2026 05:44:15 [] []
[2026-01-18T05:41:05.355064+00:00] Uplift.DEBUG: Running crons. [] []
[2026-01-18T05:41:05.358646+00:00] Uplift.DEBUG: Crons\Jobs\SendUpdateToControlPanel is not due yet. Next due timestamp is 1768715055 which is Jan 18, 2026 05:44:15 [] []
[2026-01-18T05:41:51.491279+00:00] Uplift.DEBUG: Running crons. [] []
[2026-01-18T05:41:51.494858+00:00] Uplift.DEBUG: Crons\Jobs\SendUpdateToControlPanel is not due yet. Next due timestamp is 1768715055 which is Jan 18, 2026 05:44:15 [] []
[2026-01-18T05:42:17.554906+00:00] Uplift.DEBUG: Running crons. [] []
[2026-01-18T05:42:17.558660+00:00] Uplift.DEBUG: Crons\Jobs\SendUpdateToControlPanel is not due yet. Next due timestamp is 1768715055 which is Jan 18, 2026 05:44:15 [] []
[2026-01-18T05:42:33.584183+00:00] Uplift.DEBUG: Running crons. [] []
[2026-01-18T05:42:33.586721+00:00] Uplift.DEBUG: Crons\Jobs\SendUpdateToControlPanel is not due yet. Next due timestamp is 1768715055 which is Jan 18, 2026 05:44:15 [] []
[2026-01-18T05:43:13.619671+00:00] Uplift.DEBUG: Running crons. [] []
[2026-01-18T05:43:13.622253+00:00] Uplift.DEBUG: Crons\Jobs\SendUpdateToControlPanel is not due yet. Next due timestamp is 1768715055 which is Jan 18, 2026 05:44:15 [] []
[2026-01-18T05:58:59.448932+00:00] Uplift.DEBUG: Running crons. [] []
[2026-01-18T05:58:59.451950+00:00] Uplift.INFO: Submitting build info to master control panel. [] []
[2026-01-18T05:58:59.522378+00:00] Uplift.INFO: Successful response from control panel was: {"data":{"id":1412,"uuid":"uplift_build_65328ab7e9a266.88555321","api_key":"uplift_api_e89c93cf7d2f023f6d30b5c6bc037902a27eba534e5a0576c257c45b596d43881b377728b75aacaf031edc9dcdd40a4a39fac6c41eb34dbde3cfc77d9c785adf","accelo_company_id":3877,"accelo_company_standing":"active","company_name":"Reyes Pressure Washing","server_ip":"199.250.201.222","website":"https:\/\/www.reyespw.com","version":"4.3.3","indexing_disabled":0,"is_test_build":0,"is_suspended":0,"updated_at":"2026-01-17T05:21:57.000000Z","created_at":null},"error":""} [] []
[2026-01-18T05:58:59.524062+00:00] Uplift.INFO: Ran 1 cron jobs. 1 succeeded. 0 failed. [] []
[2026-01-18T06:05:23.231469+00:00] Uplift.DEBUG: Running crons. [] []
[2026-01-18T06:05:23.234486+00:00] Uplift.INFO: Submitting build info to master control panel. [] []
[2026-01-18T06:05:23.299163+00:00] Uplift.INFO: Successful response from control panel was: {"data":{"id":1412,"uuid":"uplift_build_65328ab7e9a266.88555321","api_key":"uplift_api_e89c93cf7d2f023f6d30b5c6bc037902a27eba534e5a0576c257c45b596d43881b377728b75aacaf031edc9dcdd40a4a39fac6c41eb34dbde3cfc77d9c785adf","accelo_company_id":3877,"accelo_company_standing":"active","company_name":"Reyes Pressure Washing","server_ip":"199.250.201.222","website":"https:\/\/www.reyespw.com","version":"4.3.3","indexing_disabled":0,"is_test_build":0,"is_suspended":0,"updated_at":"2026-01-17T05:21:57.000000Z","created_at":null},"error":""} [] []
[2026-01-18T06:05:23.300981+00:00] Uplift.INFO: Ran 1 cron jobs. 1 succeeded. 0 failed. [] []
[2026-01-18T06:12:21.524899+00:00] Uplift.DEBUG: Running crons. [] []
[2026-01-18T06:12:21.527856+00:00] Uplift.INFO: Submitting build info to master control panel. [] []
[2026-01-18T06:12:21.596464+00:00] Uplift.INFO: Successful response from control panel was: {"data":{"id":1412,"uuid":"uplift_build_65328ab7e9a266.88555321","api_key":"uplift_api_e89c93cf7d2f023f6d30b5c6bc037902a27eba534e5a0576c257c45b596d43881b377728b75aacaf031edc9dcdd40a4a39fac6c41eb34dbde3cfc77d9c785adf","accelo_company_id":3877,"accelo_company_standing":"active","company_name":"Reyes Pressure Washing","server_ip":"199.250.201.222","website":"https:\/\/www.reyespw.com","version":"4.3.3","indexing_disabled":0,"is_test_build":0,"is_suspended":0,"updated_at":"2026-01-17T05:21:57.000000Z","created_at":null},"error":""} [] []
[2026-01-18T06:12:21.598397+00:00] Uplift.INFO: Ran 1 cron jobs. 1 succeeded. 0 failed. [] []
[2026-01-18T06:16:20.557681+00:00] Uplift.DEBUG: Running crons. [] []
[2026-01-18T06:16:20.560408+00:00] Uplift.DEBUG: Crons\Jobs\SendUpdateToControlPanel is not due yet. Next due timestamp is 1768717041 which is Jan 18, 2026 06:17:21 [] []
[2026-01-18T06:17:08.789436+00:00] Uplift.DEBUG: Running crons. [] []
[2026-01-18T06:17:08.791970+00:00] Uplift.DEBUG: Crons\Jobs\SendUpdateToControlPanel is not due yet. Next due timestamp is 1768717041 which is Jan 18, 2026 06:17:21 [] []
[2026-01-18T06:17:18.721207+00:00] Uplift.DEBUG: Running crons. [] []
[2026-01-18T06:17:18.723696+00:00] Uplift.DEBUG: Crons\Jobs\SendUpdateToControlPanel is not due yet. Next due timestamp is 1768717041 which is Jan 18, 2026 06:17:21 [] []
[2026-01-18T06:20:36.240762+00:00] Uplift.DEBUG: Running crons. [] []
[2026-01-18T06:20:36.243523+00:00] Uplift.INFO: Submitting build info to master control panel. [] []
[2026-01-18T06:20:36.306305+00:00] Uplift.INFO: Successful response from control panel was: {"data":{"id":1412,"uuid":"uplift_build_65328ab7e9a266.88555321","api_key":"uplift_api_e89c93cf7d2f023f6d30b5c6bc037902a27eba534e5a0576c257c45b596d43881b377728b75aacaf031edc9dcdd40a4a39fac6c41eb34dbde3cfc77d9c785adf","accelo_company_id":3877,"accelo_company_standing":"active","company_name":"Reyes Pressure Washing","server_ip":"199.250.201.222","website":"https:\/\/www.reyespw.com","version":"4.3.3","indexing_disabled":0,"is_test_build":0,"is_suspended":0,"updated_at":"2026-01-17T05:21:57.000000Z","created_at":null},"error":""} [] []
[2026-01-18T06:20:36.307949+00:00] Uplift.INFO: Ran 1 cron jobs. 1 succeeded. 0 failed. [] []
[2026-01-18T06:21:39.834861+00:00] Uplift.DEBUG: Running crons. [] []
[2026-01-18T06:21:39.837467+00:00] Uplift.DEBUG: Crons\Jobs\SendUpdateToControlPanel is not due yet. Next due timestamp is 1768717536 which is Jan 18, 2026 06:25:36 [] []
[2026-01-18T06:32:00.220334+00:00] Uplift.DEBUG: Running crons. [] []
[2026-01-18T06:32:00.223269+00:00] Uplift.INFO: Submitting build info to master control panel. [] []
[2026-01-18T06:32:00.290513+00:00] Uplift.INFO: Successful response from control panel was: {"data":{"id":1412,"uuid":"uplift_build_65328ab7e9a266.88555321","api_key":"uplift_api_e89c93cf7d2f023f6d30b5c6bc037902a27eba534e5a0576c257c45b596d43881b377728b75aacaf031edc9dcdd40a4a39fac6c41eb34dbde3cfc77d9c785adf","accelo_company_id":3877,"accelo_company_standing":"active","company_name":"Reyes Pressure Washing","server_ip":"199.250.201.222","website":"https:\/\/www.reyespw.com","version":"4.3.3","indexing_disabled":0,"is_test_build":0,"is_suspended":0,"updated_at":"2026-01-17T05:21:57.000000Z","created_at":null},"error":""} [] []
[2026-01-18T06:32:00.292303+00:00] Uplift.INFO: Ran 1 cron jobs. 1 succeeded. 0 failed. [] []
[2026-01-18T06:32:17.787036+00:00] Uplift.DEBUG: Running crons. [] []
[2026-01-18T06:32:17.789548+00:00] Uplift.DEBUG: Crons\Jobs\SendUpdateToControlPanel is not due yet. Next due timestamp is 1768718220 which is Jan 18, 2026 06:37:00 [] []
[2026-01-18T06:32:45.486337+00:00] Uplift.DEBUG: Running crons. [] []
[2026-01-18T06:32:45.488896+00:00] Uplift.DEBUG: Crons\Jobs\SendUpdateToControlPanel is not due yet. Next due timestamp is 1768718220 which is Jan 18, 2026 06:37:00 [] []
[2026-01-18T06:36:45.021086+00:00] Uplift.DEBUG: Running crons. [] []
[2026-01-18T06:36:45.023597+00:00] Uplift.DEBUG: Crons\Jobs\SendUpdateToControlPanel is not due yet. Next due timestamp is 1768718220 which is Jan 18, 2026 06:37:00 [] []
[2026-01-18T06:40:01.839638+00:00] Uplift.DEBUG: Running crons. [] []
[2026-01-18T06:40:01.843117+00:00] Uplift.INFO: Submitting build info to master control panel. [] []
[2026-01-18T06:40:01.952490+00:00] Uplift.INFO: Successful response from control panel was: {"data":{"id":1412,"uuid":"uplift_build_65328ab7e9a266.88555321","api_key":"uplift_api_e89c93cf7d2f023f6d30b5c6bc037902a27eba534e5a0576c257c45b596d43881b377728b75aacaf031edc9dcdd40a4a39fac6c41eb34dbde3cfc77d9c785adf","accelo_company_id":3877,"accelo_company_standing":"active","company_name":"Reyes Pressure Washing","server_ip":"199.250.201.222","website":"https:\/\/www.reyespw.com","version":"4.3.3","indexing_disabled":0,"is_test_build":0,"is_suspended":0,"updated_at":"2026-01-17T05:21:57.000000Z","created_at":null},"error":""} [] []
[2026-01-18T06:40:01.955250+00:00] Uplift.INFO: Ran 1 cron jobs. 1 succeeded. 0 failed. [] []
[2026-01-18T06:44:32.424679+00:00] Uplift.DEBUG: Running crons. [] []
[2026-01-18T06:44:32.427229+00:00] Uplift.DEBUG: Crons\Jobs\SendUpdateToControlPanel is not due yet. Next due timestamp is 1768718701 which is Jan 18, 2026 06:45:01 [] []
[2026-01-18T07:12:14.550622+00:00] Uplift.DEBUG: Running crons. [] []
[2026-01-18T07:12:14.558427+00:00] Uplift.INFO: Submitting build info to master control panel. [] []
[2026-01-18T07:12:14.647534+00:00] Uplift.INFO: Successful response from control panel was: {"data":{"id":1412,"uuid":"uplift_build_65328ab7e9a266.88555321","api_key":"uplift_api_e89c93cf7d2f023f6d30b5c6bc037902a27eba534e5a0576c257c45b596d43881b377728b75aacaf031edc9dcdd40a4a39fac6c41eb34dbde3cfc77d9c785adf","accelo_company_id":3877,"accelo_company_standing":"active","company_name":"Reyes Pressure Washing","server_ip":"199.250.201.222","website":"https:\/\/www.reyespw.com","version":"4.3.3","indexing_disabled":0,"is_test_build":0,"is_suspended":0,"updated_at":"2026-01-17T05:21:57.000000Z","created_at":null},"error":""} [] []
[2026-01-18T07:12:14.649264+00:00] Uplift.INFO: Ran 1 cron jobs. 1 succeeded. 0 failed. [] []
[2026-01-18T08:03:04.637176+00:00] Uplift.DEBUG: Running crons. [] []
[2026-01-18T08:03:04.643054+00:00] Uplift.INFO: Submitting build info to master control panel. [] []
[2026-01-18T08:03:04.757036+00:00] Uplift.INFO: Successful response from control panel was: {"data":{"id":1412,"uuid":"uplift_build_65328ab7e9a266.88555321","api_key":"uplift_api_e89c93cf7d2f023f6d30b5c6bc037902a27eba534e5a0576c257c45b596d43881b377728b75aacaf031edc9dcdd40a4a39fac6c41eb34dbde3cfc77d9c785adf","accelo_company_id":3877,"accelo_company_standing":"active","company_name":"Reyes Pressure Washing","server_ip":"199.250.201.222","website":"https:\/\/www.reyespw.com","version":"4.3.3","indexing_disabled":0,"is_test_build":0,"is_suspended":0,"updated_at":"2026-01-17T05:21:57.000000Z","created_at":null},"error":""} [] []
[2026-01-18T08:03:04.758726+00:00] Uplift.INFO: Ran 1 cron jobs. 1 succeeded. 0 failed. [] []
[2026-01-18T08:06:18.023657+00:00] Uplift.DEBUG: Running crons. [] []
[2026-01-18T08:06:18.026398+00:00] Uplift.DEBUG: Crons\Jobs\SendUpdateToControlPanel is not due yet. Next due timestamp is 1768723684 which is Jan 18, 2026 08:08:04 [] []
[2026-01-18T08:35:57.250395+00:00] Uplift.DEBUG: Running crons. [] []
[2026-01-18T08:35:57.253081+00:00] Uplift.INFO: Submitting build info to master control panel. [] []
[2026-01-18T08:35:57.320533+00:00] Uplift.INFO: Successful response from control panel was: {"data":{"id":1412,"uuid":"uplift_build_65328ab7e9a266.88555321","api_key":"uplift_api_e89c93cf7d2f023f6d30b5c6bc037902a27eba534e5a0576c257c45b596d43881b377728b75aacaf031edc9dcdd40a4a39fac6c41eb34dbde3cfc77d9c785adf","accelo_company_id":3877,"accelo_company_standing":"active","company_name":"Reyes Pressure Washing","server_ip":"199.250.201.222","website":"https:\/\/www.reyespw.com","version":"4.3.3","indexing_disabled":0,"is_test_build":0,"is_suspended":0,"updated_at":"2026-01-17T05:21:57.000000Z","created_at":null},"error":""} [] []
[2026-01-18T08:35:57.322184+00:00] Uplift.INFO: Ran 1 cron jobs. 1 succeeded. 0 failed. [] []
[2026-01-18T09:04:09.099963+00:00] Uplift.DEBUG: Running crons. [] []
[2026-01-18T09:04:09.102987+00:00] Uplift.INFO: Submitting build info to master control panel. [] []
[2026-01-18T09:04:09.169558+00:00] Uplift.INFO: Successful response from control panel was: {"data":{"id":1412,"uuid":"uplift_build_65328ab7e9a266.88555321","api_key":"uplift_api_e89c93cf7d2f023f6d30b5c6bc037902a27eba534e5a0576c257c45b596d43881b377728b75aacaf031edc9dcdd40a4a39fac6c41eb34dbde3cfc77d9c785adf","accelo_company_id":3877,"accelo_company_standing":"active","company_name":"Reyes Pressure Washing","server_ip":"199.250.201.222","website":"https:\/\/www.reyespw.com","version":"4.3.3","indexing_disabled":0,"is_test_build":0,"is_suspended":0,"updated_at":"2026-01-17T05:21:57.000000Z","created_at":null},"error":""} [] []
[2026-01-18T09:04:09.171237+00:00] Uplift.INFO: Ran 1 cron jobs. 1 succeeded. 0 failed. [] []
[2026-01-18T10:07:06.084665+00:00] Uplift.DEBUG: Running crons. [] []
[2026-01-18T10:07:06.088709+00:00] Uplift.INFO: Submitting build info to master control panel. [] []
[2026-01-18T10:07:06.155233+00:00] Uplift.INFO: Successful response from control panel was: {"data":{"id":1412,"uuid":"uplift_build_65328ab7e9a266.88555321","api_key":"uplift_api_e89c93cf7d2f023f6d30b5c6bc037902a27eba534e5a0576c257c45b596d43881b377728b75aacaf031edc9dcdd40a4a39fac6c41eb34dbde3cfc77d9c785adf","accelo_company_id":3877,"accelo_company_standing":"active","company_name":"Reyes Pressure Washing","server_ip":"199.250.201.222","website":"https:\/\/www.reyespw.com","version":"4.3.3","indexing_disabled":0,"is_test_build":0,"is_suspended":0,"updated_at":"2026-01-17T05:21:57.000000Z","created_at":null},"error":""} [] []
[2026-01-18T10:07:06.158111+00:00] Uplift.INFO: Ran 1 cron jobs. 1 succeeded. 0 failed. [] []
[2026-01-18T10:07:29.592690+00:00] Uplift.DEBUG: Running crons. [] []
[2026-01-18T10:07:29.595357+00:00] Uplift.DEBUG: Crons\Jobs\SendUpdateToControlPanel is not due yet. Next due timestamp is 1768731126 which is Jan 18, 2026 10:12:06 [] []
[2026-01-18T10:24:55.035516+00:00] Uplift.DEBUG: Running crons. [] []
[2026-01-18T10:24:55.047261+00:00] Uplift.INFO: Submitting build info to master control panel. [] []
[2026-01-18T10:24:55.126115+00:00] Uplift.INFO: Successful response from control panel was: {"data":{"id":1412,"uuid":"uplift_build_65328ab7e9a266.88555321","api_key":"uplift_api_e89c93cf7d2f023f6d30b5c6bc037902a27eba534e5a0576c257c45b596d43881b377728b75aacaf031edc9dcdd40a4a39fac6c41eb34dbde3cfc77d9c785adf","accelo_company_id":3877,"accelo_company_standing":"active","company_name":"Reyes Pressure Washing","server_ip":"199.250.201.222","website":"https:\/\/www.reyespw.com","version":"4.3.3","indexing_disabled":0,"is_test_build":0,"is_suspended":0,"updated_at":"2026-01-17T05:21:57.000000Z","created_at":null},"error":""} [] []
[2026-01-18T10:24:55.128002+00:00] Uplift.INFO: Ran 1 cron jobs. 1 succeeded. 0 failed. [] []
[2026-01-18T11:04:19.120860+00:00] Uplift.DEBUG: Running crons. [] []
[2026-01-18T11:04:19.123915+00:00] Uplift.INFO: Submitting build info to master control panel. [] []
[2026-01-18T11:04:19.194456+00:00] Uplift.INFO: Successful response from control panel was: {"data":{"id":1412,"uuid":"uplift_build_65328ab7e9a266.88555321","api_key":"uplift_api_e89c93cf7d2f023f6d30b5c6bc037902a27eba534e5a0576c257c45b596d43881b377728b75aacaf031edc9dcdd40a4a39fac6c41eb34dbde3cfc77d9c785adf","accelo_company_id":3877,"accelo_company_standing":"active","company_name":"Reyes Pressure Washing","server_ip":"199.250.201.222","website":"https:\/\/www.reyespw.com","version":"4.3.3","indexing_disabled":0,"is_test_build":0,"is_suspended":0,"updated_at":"2026-01-17T05:21:57.000000Z","created_at":null},"error":""} [] []
[2026-01-18T11:04:19.196028+00:00] Uplift.INFO: Ran 1 cron jobs. 1 succeeded. 0 failed. [] []
[2026-01-18T11:08:13.775839+00:00] Uplift.DEBUG: Running crons. [] []
[2026-01-18T11:08:13.778651+00:00] Uplift.DEBUG: Crons\Jobs\SendUpdateToControlPanel is not due yet. Next due timestamp is 1768734559 which is Jan 18, 2026 11:09:19 [] []
[2026-01-18T11:09:31.798399+00:00] Uplift.DEBUG: Running crons. [] []
[2026-01-18T11:09:31.802272+00:00] Uplift.INFO: Submitting build info to master control panel. [] []
[2026-01-18T11:09:31.879862+00:00] Uplift.INFO: Successful response from control panel was: {"data":{"id":1412,"uuid":"uplift_build_65328ab7e9a266.88555321","api_key":"uplift_api_e89c93cf7d2f023f6d30b5c6bc037902a27eba534e5a0576c257c45b596d43881b377728b75aacaf031edc9dcdd40a4a39fac6c41eb34dbde3cfc77d9c785adf","accelo_company_id":3877,"accelo_company_standing":"active","company_name":"Reyes Pressure Washing","server_ip":"199.250.201.222","website":"https:\/\/www.reyespw.com","version":"4.3.3","indexing_disabled":0,"is_test_build":0,"is_suspended":0,"updated_at":"2026-01-17T05:21:57.000000Z","created_at":null},"error":""} [] []
[2026-01-18T11:09:31.882313+00:00] Uplift.INFO: Ran 1 cron jobs. 1 succeeded. 0 failed. [] []
[2026-01-18T11:10:56.990767+00:00] Uplift.DEBUG: Running crons. [] []
[2026-01-18T11:10:56.994210+00:00] Uplift.DEBUG: Crons\Jobs\SendUpdateToControlPanel is not due yet. Next due timestamp is 1768734871 which is Jan 18, 2026 11:14:31 [] []
[2026-01-18T11:12:14.630624+00:00] Uplift.DEBUG: Running crons. [] []
[2026-01-18T11:12:14.634108+00:00] Uplift.DEBUG: Crons\Jobs\SendUpdateToControlPanel is not due yet. Next due timestamp is 1768734871 which is Jan 18, 2026 11:14:31 [] []
[2026-01-18T11:15:02.291338+00:00] Uplift.DEBUG: Running crons. [] []
[2026-01-18T11:15:02.294446+00:00] Uplift.INFO: Submitting build info to master control panel. [] []
[2026-01-18T11:15:02.386584+00:00] Uplift.INFO: Successful response from control panel was: {"data":{"id":1412,"uuid":"uplift_build_65328ab7e9a266.88555321","api_key":"uplift_api_e89c93cf7d2f023f6d30b5c6bc037902a27eba534e5a0576c257c45b596d43881b377728b75aacaf031edc9dcdd40a4a39fac6c41eb34dbde3cfc77d9c785adf","accelo_company_id":3877,"accelo_company_standing":"active","company_name":"Reyes Pressure Washing","server_ip":"199.250.201.222","website":"https:\/\/www.reyespw.com","version":"4.3.3","indexing_disabled":0,"is_test_build":0,"is_suspended":0,"updated_at":"2026-01-17T05:21:57.000000Z","created_at":null},"error":""} [] []
[2026-01-18T11:15:02.388921+00:00] Uplift.INFO: Ran 1 cron jobs. 1 succeeded. 0 failed. [] []
[2026-01-18T11:22:12.496109+00:00] Uplift.DEBUG: Running crons. [] []
[2026-01-18T11:22:12.499041+00:00] Uplift.INFO: Submitting build info to master control panel. [] []
[2026-01-18T11:22:12.570077+00:00] Uplift.INFO: Successful response from control panel was: {"data":{"id":1412,"uuid":"uplift_build_65328ab7e9a266.88555321","api_key":"uplift_api_e89c93cf7d2f023f6d30b5c6bc037902a27eba534e5a0576c257c45b596d43881b377728b75aacaf031edc9dcdd40a4a39fac6c41eb34dbde3cfc77d9c785adf","accelo_company_id":3877,"accelo_company_standing":"active","company_name":"Reyes Pressure Washing","server_ip":"199.250.201.222","website":"https:\/\/www.reyespw.com","version":"4.3.3","indexing_disabled":0,"is_test_build":0,"is_suspended":0,"updated_at":"2026-01-17T05:21:57.000000Z","created_at":null},"error":""} [] []
[2026-01-18T11:22:12.572259+00:00] Uplift.INFO: Ran 1 cron jobs. 1 succeeded. 0 failed. [] []
[2026-01-18T11:34:27.176547+00:00] Uplift.DEBUG: Running crons. [] []
[2026-01-18T11:34:27.180603+00:00] Uplift.INFO: Submitting build info to master control panel. [] []
[2026-01-18T11:34:27.250042+00:00] Uplift.INFO: Successful response from control panel was: {"data":{"id":1412,"uuid":"uplift_build_65328ab7e9a266.88555321","api_key":"uplift_api_e89c93cf7d2f023f6d30b5c6bc037902a27eba534e5a0576c257c45b596d43881b377728b75aacaf031edc9dcdd40a4a39fac6c41eb34dbde3cfc77d9c785adf","accelo_company_id":3877,"accelo_company_standing":"active","company_name":"Reyes Pressure Washing","server_ip":"199.250.201.222","website":"https:\/\/www.reyespw.com","version":"4.3.3","indexing_disabled":0,"is_test_build":0,"is_suspended":0,"updated_at":"2026-01-17T05:21:57.000000Z","created_at":null},"error":""} [] []
[2026-01-18T11:34:27.252627+00:00] Uplift.INFO: Ran 1 cron jobs. 1 succeeded. 0 failed. [] []
[2026-01-18T12:27:30.949619+00:00] Uplift.DEBUG: Running crons. [] []
[2026-01-18T12:27:30.953193+00:00] Uplift.INFO: Submitting build info to master control panel. [] []
[2026-01-18T12:27:31.030807+00:00] Uplift.INFO: Successful response from control panel was: {"data":{"id":1412,"uuid":"uplift_build_65328ab7e9a266.88555321","api_key":"uplift_api_e89c93cf7d2f023f6d30b5c6bc037902a27eba534e5a0576c257c45b596d43881b377728b75aacaf031edc9dcdd40a4a39fac6c41eb34dbde3cfc77d9c785adf","accelo_company_id":3877,"accelo_company_standing":"active","company_name":"Reyes Pressure Washing","server_ip":"199.250.201.222","website":"https:\/\/www.reyespw.com","version":"4.3.3","indexing_disabled":0,"is_test_build":0,"is_suspended":0,"updated_at":"2026-01-17T05:21:57.000000Z","created_at":null},"error":""} [] []
[2026-01-18T12:27:31.032724+00:00] Uplift.INFO: Ran 1 cron jobs. 1 succeeded. 0 failed. [] []
[2026-01-18T12:28:10.700757+00:00] Uplift.DEBUG: Running crons. [] []
[2026-01-18T12:28:10.703241+00:00] Uplift.DEBUG: Crons\Jobs\SendUpdateToControlPanel is not due yet. Next due timestamp is 1768739550 which is Jan 18, 2026 12:32:30 [] []
[2026-01-18T12:37:15.262546+00:00] Uplift.DEBUG: Running crons. [] []
[2026-01-18T12:37:15.265102+00:00] Uplift.INFO: Submitting build info to master control panel. [] []
[2026-01-18T12:37:15.329329+00:00] Uplift.INFO: Successful response from control panel was: {"data":{"id":1412,"uuid":"uplift_build_65328ab7e9a266.88555321","api_key":"uplift_api_e89c93cf7d2f023f6d30b5c6bc037902a27eba534e5a0576c257c45b596d43881b377728b75aacaf031edc9dcdd40a4a39fac6c41eb34dbde3cfc77d9c785adf","accelo_company_id":3877,"accelo_company_standing":"active","company_name":"Reyes Pressure Washing","server_ip":"199.250.201.222","website":"https:\/\/www.reyespw.com","version":"4.3.3","indexing_disabled":0,"is_test_build":0,"is_suspended":0,"updated_at":"2026-01-17T05:21:57.000000Z","created_at":null},"error":""} [] []
[2026-01-18T12:37:15.330964+00:00] Uplift.INFO: Ran 1 cron jobs. 1 succeeded. 0 failed. [] []
[2026-01-18T12:41:22.584179+00:00] Uplift.DEBUG: Running crons. [] []
[2026-01-18T12:41:22.586859+00:00] Uplift.DEBUG: Crons\Jobs\SendUpdateToControlPanel is not due yet. Next due timestamp is 1768740135 which is Jan 18, 2026 12:42:15 [] []
[2026-01-18T12:46:56.643691+00:00] Uplift.DEBUG: Running crons. [] []
[2026-01-18T12:46:56.647349+00:00] Uplift.INFO: Submitting build info to master control panel. [] []
[2026-01-18T12:46:56.712360+00:00] Uplift.INFO: Successful response from control panel was: {"data":{"id":1412,"uuid":"uplift_build_65328ab7e9a266.88555321","api_key":"uplift_api_e89c93cf7d2f023f6d30b5c6bc037902a27eba534e5a0576c257c45b596d43881b377728b75aacaf031edc9dcdd40a4a39fac6c41eb34dbde3cfc77d9c785adf","accelo_company_id":3877,"accelo_company_standing":"active","company_name":"Reyes Pressure Washing","server_ip":"199.250.201.222","website":"https:\/\/www.reyespw.com","version":"4.3.3","indexing_disabled":0,"is_test_build":0,"is_suspended":0,"updated_at":"2026-01-17T05:21:57.000000Z","created_at":null},"error":""} [] []
[2026-01-18T12:46:56.714023+00:00] Uplift.INFO: Ran 1 cron jobs. 1 succeeded. 0 failed. [] []
[2026-01-18T12:47:51.568232+00:00] Uplift.DEBUG: Running crons. [] []
[2026-01-18T12:47:51.571063+00:00] Uplift.DEBUG: Crons\Jobs\SendUpdateToControlPanel is not due yet. Next due timestamp is 1768740716 which is Jan 18, 2026 12:51:56 [] []
[2026-01-18T12:52:49.049393+00:00] Uplift.DEBUG: Running crons. [] []
[2026-01-18T12:52:49.052084+00:00] Uplift.INFO: Submitting build info to master control panel. [] []
[2026-01-18T12:52:49.119338+00:00] Uplift.INFO: Successful response from control panel was: {"data":{"id":1412,"uuid":"uplift_build_65328ab7e9a266.88555321","api_key":"uplift_api_e89c93cf7d2f023f6d30b5c6bc037902a27eba534e5a0576c257c45b596d43881b377728b75aacaf031edc9dcdd40a4a39fac6c41eb34dbde3cfc77d9c785adf","accelo_company_id":3877,"accelo_company_standing":"active","company_name":"Reyes Pressure Washing","server_ip":"199.250.201.222","website":"https:\/\/www.reyespw.com","version":"4.3.3","indexing_disabled":0,"is_test_build":0,"is_suspended":0,"updated_at":"2026-01-17T05:21:57.000000Z","created_at":null},"error":""} [] []
[2026-01-18T12:52:49.121013+00:00] Uplift.INFO: Ran 1 cron jobs. 1 succeeded. 0 failed. [] []
[2026-01-18T13:00:08.257945+00:00] Uplift.DEBUG: Running crons. [] []
[2026-01-18T13:00:08.261222+00:00] Uplift.INFO: Submitting build info to master control panel. [] []
[2026-01-18T13:00:08.387343+00:00] Uplift.INFO: Successful response from control panel was: {"data":{"id":1412,"uuid":"uplift_build_65328ab7e9a266.88555321","api_key":"uplift_api_e89c93cf7d2f023f6d30b5c6bc037902a27eba534e5a0576c257c45b596d43881b377728b75aacaf031edc9dcdd40a4a39fac6c41eb34dbde3cfc77d9c785adf","accelo_company_id":3877,"accelo_company_standing":"active","company_name":"Reyes Pressure Washing","server_ip":"199.250.201.222","website":"https:\/\/www.reyespw.com","version":"4.3.3","indexing_disabled":0,"is_test_build":0,"is_suspended":0,"updated_at":"2026-01-17T05:21:57.000000Z","created_at":null},"error":""} [] []
[2026-01-18T13:00:08.389338+00:00] Uplift.INFO: Ran 1 cron jobs. 1 succeeded. 0 failed. [] []
[2026-01-18T13:14:00.008959+00:00] Uplift.DEBUG: Running crons. [] []
[2026-01-18T13:14:00.011987+00:00] Uplift.INFO: Submitting build info to master control panel. [] []
[2026-01-18T13:14:00.086708+00:00] Uplift.INFO: Successful response from control panel was: {"data":{"id":1412,"uuid":"uplift_build_65328ab7e9a266.88555321","api_key":"uplift_api_e89c93cf7d2f023f6d30b5c6bc037902a27eba534e5a0576c257c45b596d43881b377728b75aacaf031edc9dcdd40a4a39fac6c41eb34dbde3cfc77d9c785adf","accelo_company_id":3877,"accelo_company_standing":"active","company_name":"Reyes Pressure Washing","server_ip":"199.250.201.222","website":"https:\/\/www.reyespw.com","version":"4.3.3","indexing_disabled":0,"is_test_build":0,"is_suspended":0,"updated_at":"2026-01-17T05:21:57.000000Z","created_at":null},"error":""} [] []
[2026-01-18T13:14:00.088552+00:00] Uplift.INFO: Ran 1 cron jobs. 1 succeeded. 0 failed. [] []
[2026-01-18T13:43:26.201980+00:00] Uplift.DEBUG: Running crons. [] []
[2026-01-18T13:43:26.204782+00:00] Uplift.INFO: Submitting build info to master control panel. [] []
[2026-01-18T13:43:26.276027+00:00] Uplift.INFO: Successful response from control panel was: {"data":{"id":1412,"uuid":"uplift_build_65328ab7e9a266.88555321","api_key":"uplift_api_e89c93cf7d2f023f6d30b5c6bc037902a27eba534e5a0576c257c45b596d43881b377728b75aacaf031edc9dcdd40a4a39fac6c41eb34dbde3cfc77d9c785adf","accelo_company_id":3877,"accelo_company_standing":"active","company_name":"Reyes Pressure Washing","server_ip":"199.250.201.222","website":"https:\/\/www.reyespw.com","version":"4.3.3","indexing_disabled":0,"is_test_build":0,"is_suspended":0,"updated_at":"2026-01-17T05:21:57.000000Z","created_at":null},"error":""} [] []
[2026-01-18T13:43:26.277747+00:00] Uplift.INFO: Ran 1 cron jobs. 1 succeeded. 0 failed. [] []
[2026-01-18T13:47:36.452580+00:00] Uplift.DEBUG: Running crons. [] []
[2026-01-18T13:47:36.456519+00:00] Uplift.DEBUG: Crons\Jobs\SendUpdateToControlPanel is not due yet. Next due timestamp is 1768744106 which is Jan 18, 2026 13:48:26 [] []
[2026-01-18T13:48:33.636043+00:00] Uplift.DEBUG: Running crons. [] []
[2026-01-18T13:48:33.638770+00:00] Uplift.INFO: Submitting build info to master control panel. [] []
[2026-01-18T13:48:33.703771+00:00] Uplift.INFO: Successful response from control panel was: {"data":{"id":1412,"uuid":"uplift_build_65328ab7e9a266.88555321","api_key":"uplift_api_e89c93cf7d2f023f6d30b5c6bc037902a27eba534e5a0576c257c45b596d43881b377728b75aacaf031edc9dcdd40a4a39fac6c41eb34dbde3cfc77d9c785adf","accelo_company_id":3877,"accelo_company_standing":"active","company_name":"Reyes Pressure Washing","server_ip":"199.250.201.222","website":"https:\/\/www.reyespw.com","version":"4.3.3","indexing_disabled":0,"is_test_build":0,"is_suspended":0,"updated_at":"2026-01-17T05:21:57.000000Z","created_at":null},"error":""} [] []
[2026-01-18T13:48:33.705439+00:00] Uplift.INFO: Ran 1 cron jobs. 1 succeeded. 0 failed. [] []
[2026-01-18T14:35:23.483925+00:00] Uplift.DEBUG: Running crons. [] []
[2026-01-18T14:35:23.487028+00:00] Uplift.INFO: Submitting build info to master control panel. [] []
[2026-01-18T14:35:23.562578+00:00] Uplift.INFO: Successful response from control panel was: {"data":{"id":1412,"uuid":"uplift_build_65328ab7e9a266.88555321","api_key":"uplift_api_e89c93cf7d2f023f6d30b5c6bc037902a27eba534e5a0576c257c45b596d43881b377728b75aacaf031edc9dcdd40a4a39fac6c41eb34dbde3cfc77d9c785adf","accelo_company_id":3877,"accelo_company_standing":"active","company_name":"Reyes Pressure Washing","server_ip":"199.250.201.222","website":"https:\/\/www.reyespw.com","version":"4.3.3","indexing_disabled":0,"is_test_build":0,"is_suspended":0,"updated_at":"2026-01-17T05:21:57.000000Z","created_at":null},"error":""} [] []
[2026-01-18T14:35:23.565043+00:00] Uplift.INFO: Ran 1 cron jobs. 1 succeeded. 0 failed. [] []
[2026-01-18T14:56:25.684991+00:00] Uplift.DEBUG: Running crons. [] []
[2026-01-18T14:56:25.689113+00:00] Uplift.INFO: Submitting build info to master control panel. [] []
[2026-01-18T14:56:25.759667+00:00] Uplift.INFO: Successful response from control panel was: {"data":{"id":1412,"uuid":"uplift_build_65328ab7e9a266.88555321","api_key":"uplift_api_e89c93cf7d2f023f6d30b5c6bc037902a27eba534e5a0576c257c45b596d43881b377728b75aacaf031edc9dcdd40a4a39fac6c41eb34dbde3cfc77d9c785adf","accelo_company_id":3877,"accelo_company_standing":"active","company_name":"Reyes Pressure Washing","server_ip":"199.250.201.222","website":"https:\/\/www.reyespw.com","version":"4.3.3","indexing_disabled":0,"is_test_build":0,"is_suspended":0,"updated_at":"2026-01-17T05:21:57.000000Z","created_at":null},"error":""} [] []
[2026-01-18T14:56:25.761530+00:00] Uplift.INFO: Ran 1 cron jobs. 1 succeeded. 0 failed. [] []
[2026-01-18T15:16:20.807205+00:00] Uplift.DEBUG: Running crons. [] []
[2026-01-18T15:16:20.809896+00:00] Uplift.INFO: Submitting build info to master control panel. [] []
[2026-01-18T15:16:20.874965+00:00] Uplift.INFO: Successful response from control panel was: {"data":{"id":1412,"uuid":"uplift_build_65328ab7e9a266.88555321","api_key":"uplift_api_e89c93cf7d2f023f6d30b5c6bc037902a27eba534e5a0576c257c45b596d43881b377728b75aacaf031edc9dcdd40a4a39fac6c41eb34dbde3cfc77d9c785adf","accelo_company_id":3877,"accelo_company_standing":"active","company_name":"Reyes Pressure Washing","server_ip":"199.250.201.222","website":"https:\/\/www.reyespw.com","version":"4.3.3","indexing_disabled":0,"is_test_build":0,"is_suspended":0,"updated_at":"2026-01-17T05:21:57.000000Z","created_at":null},"error":""} [] []
[2026-01-18T15:16:20.876736+00:00] Uplift.INFO: Ran 1 cron jobs. 1 succeeded. 0 failed. [] []
[2026-01-18T15:31:59.600492+00:00] Uplift.DEBUG: Running crons. [] []
[2026-01-18T15:31:59.603181+00:00] Uplift.INFO: Submitting build info to master control panel. [] []
[2026-01-18T15:31:59.668384+00:00] Uplift.INFO: Successful response from control panel was: {"data":{"id":1412,"uuid":"uplift_build_65328ab7e9a266.88555321","api_key":"uplift_api_e89c93cf7d2f023f6d30b5c6bc037902a27eba534e5a0576c257c45b596d43881b377728b75aacaf031edc9dcdd40a4a39fac6c41eb34dbde3cfc77d9c785adf","accelo_company_id":3877,"accelo_company_standing":"active","company_name":"Reyes Pressure Washing","server_ip":"199.250.201.222","website":"https:\/\/www.reyespw.com","version":"4.3.3","indexing_disabled":0,"is_test_build":0,"is_suspended":0,"updated_at":"2026-01-17T05:21:57.000000Z","created_at":null},"error":""} [] []
[2026-01-18T15:31:59.670080+00:00] Uplift.INFO: Ran 1 cron jobs. 1 succeeded. 0 failed. [] []
[2026-01-18T15:33:01.496109+00:00] Uplift.DEBUG: Running crons. [] []
[2026-01-18T15:33:01.498834+00:00] Uplift.DEBUG: Crons\Jobs\SendUpdateToControlPanel is not due yet. Next due timestamp is 1768750619 which is Jan 18, 2026 15:36:59 [] []
[2026-01-18T15:46:17.884694+00:00] Uplift.DEBUG: Running crons. [] []
[2026-01-18T15:46:17.888640+00:00] Uplift.INFO: Submitting build info to master control panel. [] []
[2026-01-18T15:46:17.963579+00:00] Uplift.INFO: Successful response from control panel was: {"data":{"id":1412,"uuid":"uplift_build_65328ab7e9a266.88555321","api_key":"uplift_api_e89c93cf7d2f023f6d30b5c6bc037902a27eba534e5a0576c257c45b596d43881b377728b75aacaf031edc9dcdd40a4a39fac6c41eb34dbde3cfc77d9c785adf","accelo_company_id":3877,"accelo_company_standing":"active","company_name":"Reyes Pressure Washing","server_ip":"199.250.201.222","website":"https:\/\/www.reyespw.com","version":"4.3.3","indexing_disabled":0,"is_test_build":0,"is_suspended":0,"updated_at":"2026-01-17T05:21:57.000000Z","created_at":null},"error":""} [] []
[2026-01-18T15:46:17.965432+00:00] Uplift.INFO: Ran 1 cron jobs. 1 succeeded. 0 failed. [] []
[2026-01-18T15:46:39.220697+00:00] Uplift.DEBUG: Running crons. [] []
[2026-01-18T15:46:39.223313+00:00] Uplift.DEBUG: Crons\Jobs\SendUpdateToControlPanel is not due yet. Next due timestamp is 1768751477 which is Jan 18, 2026 15:51:17 [] []
[2026-01-18T15:51:26.256641+00:00] Uplift.DEBUG: Running crons. [] []
[2026-01-18T15:51:26.259459+00:00] Uplift.INFO: Submitting build info to master control panel. [] []
[2026-01-18T15:51:26.329555+00:00] Uplift.INFO: Successful response from control panel was: {"data":{"id":1412,"uuid":"uplift_build_65328ab7e9a266.88555321","api_key":"uplift_api_e89c93cf7d2f023f6d30b5c6bc037902a27eba534e5a0576c257c45b596d43881b377728b75aacaf031edc9dcdd40a4a39fac6c41eb34dbde3cfc77d9c785adf","accelo_company_id":3877,"accelo_company_standing":"active","company_name":"Reyes Pressure Washing","server_ip":"199.250.201.222","website":"https:\/\/www.reyespw.com","version":"4.3.3","indexing_disabled":0,"is_test_build":0,"is_suspended":0,"updated_at":"2026-01-17T05:21:57.000000Z","created_at":null},"error":""} [] []
[2026-01-18T15:51:26.331217+00:00] Uplift.INFO: Ran 1 cron jobs. 1 succeeded. 0 failed. [] []
[2026-01-18T16:13:20.388342+00:00] Uplift.DEBUG: Running crons. [] []
[2026-01-18T16:13:20.392376+00:00] Uplift.INFO: Submitting build info to master control panel. [] []
[2026-01-18T16:13:20.457353+00:00] Uplift.INFO: Successful response from control panel was: {"data":{"id":1412,"uuid":"uplift_build_65328ab7e9a266.88555321","api_key":"uplift_api_e89c93cf7d2f023f6d30b5c6bc037902a27eba534e5a0576c257c45b596d43881b377728b75aacaf031edc9dcdd40a4a39fac6c41eb34dbde3cfc77d9c785adf","accelo_company_id":3877,"accelo_company_standing":"active","company_name":"Reyes Pressure Washing","server_ip":"199.250.201.222","website":"https:\/\/www.reyespw.com","version":"4.3.3","indexing_disabled":0,"is_test_build":0,"is_suspended":0,"updated_at":"2026-01-17T05:21:57.000000Z","created_at":null},"error":""} [] []
[2026-01-18T16:13:20.459128+00:00] Uplift.INFO: Ran 1 cron jobs. 1 succeeded. 0 failed. [] []
[2026-01-18T16:13:20.490702+00:00] Uplift.DEBUG: Running crons. [] []
[2026-01-18T16:13:20.493719+00:00] Uplift.DEBUG: Crons\Jobs\SendUpdateToControlPanel is not due yet. Next due timestamp is 1768753100 which is Jan 18, 2026 16:18:20 [] []
[2026-01-18T16:40:29.879045+00:00] Uplift.DEBUG: Running crons. [] []
[2026-01-18T16:40:29.881841+00:00] Uplift.INFO: Submitting build info to master control panel. [] []
[2026-01-18T16:40:29.949737+00:00] Uplift.INFO: Successful response from control panel was: {"data":{"id":1412,"uuid":"uplift_build_65328ab7e9a266.88555321","api_key":"uplift_api_e89c93cf7d2f023f6d30b5c6bc037902a27eba534e5a0576c257c45b596d43881b377728b75aacaf031edc9dcdd40a4a39fac6c41eb34dbde3cfc77d9c785adf","accelo_company_id":3877,"accelo_company_standing":"active","company_name":"Reyes Pressure Washing","server_ip":"199.250.201.222","website":"https:\/\/www.reyespw.com","version":"4.3.3","indexing_disabled":0,"is_test_build":0,"is_suspended":0,"updated_at":"2026-01-17T05:21:57.000000Z","created_at":null},"error":""} [] []
[2026-01-18T16:40:29.951453+00:00] Uplift.INFO: Ran 1 cron jobs. 1 succeeded. 0 failed. [] []
[2026-01-18T16:47:32.701507+00:00] Uplift.DEBUG: Running crons. [] []
[2026-01-18T16:47:32.704181+00:00] Uplift.INFO: Submitting build info to master control panel. [] []
[2026-01-18T16:47:32.772141+00:00] Uplift.INFO: Successful response from control panel was: {"data":{"id":1412,"uuid":"uplift_build_65328ab7e9a266.88555321","api_key":"uplift_api_e89c93cf7d2f023f6d30b5c6bc037902a27eba534e5a0576c257c45b596d43881b377728b75aacaf031edc9dcdd40a4a39fac6c41eb34dbde3cfc77d9c785adf","accelo_company_id":3877,"accelo_company_standing":"active","company_name":"Reyes Pressure Washing","server_ip":"199.250.201.222","website":"https:\/\/www.reyespw.com","version":"4.3.3","indexing_disabled":0,"is_test_build":0,"is_suspended":0,"updated_at":"2026-01-17T05:21:57.000000Z","created_at":null},"error":""} [] []
[2026-01-18T16:47:32.773777+00:00] Uplift.INFO: Ran 1 cron jobs. 1 succeeded. 0 failed. [] []
[2026-01-18T17:28:38.179472+00:00] Uplift.DEBUG: Running crons. [] []
[2026-01-18T17:28:38.182366+00:00] Uplift.INFO: Submitting build info to master control panel. [] []
[2026-01-18T17:28:38.252980+00:00] Uplift.INFO: Successful response from control panel was: {"data":{"id":1412,"uuid":"uplift_build_65328ab7e9a266.88555321","api_key":"uplift_api_e89c93cf7d2f023f6d30b5c6bc037902a27eba534e5a0576c257c45b596d43881b377728b75aacaf031edc9dcdd40a4a39fac6c41eb34dbde3cfc77d9c785adf","accelo_company_id":3877,"accelo_company_standing":"active","company_name":"Reyes Pressure Washing","server_ip":"199.250.201.222","website":"https:\/\/www.reyespw.com","version":"4.3.3","indexing_disabled":0,"is_test_build":0,"is_suspended":0,"updated_at":"2026-01-17T05:21:57.000000Z","created_at":null},"error":""} [] []
[2026-01-18T17:28:38.255035+00:00] Uplift.INFO: Ran 1 cron jobs. 1 succeeded. 0 failed. [] []
[2026-01-18T17:49:17.954775+00:00] Uplift.DEBUG: Running crons. [] []
[2026-01-18T17:49:17.957854+00:00] Uplift.INFO: Submitting build info to master control panel. [] []
[2026-01-18T17:49:18.039931+00:00] Uplift.INFO: Successful response from control panel was: {"data":{"id":1412,"uuid":"uplift_build_65328ab7e9a266.88555321","api_key":"uplift_api_e89c93cf7d2f023f6d30b5c6bc037902a27eba534e5a0576c257c45b596d43881b377728b75aacaf031edc9dcdd40a4a39fac6c41eb34dbde3cfc77d9c785adf","accelo_company_id":3877,"accelo_company_standing":"active","company_name":"Reyes Pressure Washing","server_ip":"199.250.201.222","website":"https:\/\/www.reyespw.com","version":"4.3.3","indexing_disabled":0,"is_test_build":0,"is_suspended":0,"updated_at":"2026-01-17T05:21:57.000000Z","created_at":null},"error":""} [] []
[2026-01-18T17:49:18.042649+00:00] Uplift.INFO: Ran 1 cron jobs. 1 succeeded. 0 failed. [] []
[2026-01-18T18:04:36.372983+00:00] Uplift.DEBUG: Running crons. [] []
[2026-01-18T18:04:36.378795+00:00] Uplift.INFO: Submitting build info to master control panel. [] []
[2026-01-18T18:04:36.466526+00:00] Uplift.INFO: Successful response from control panel was: {"data":{"id":1412,"uuid":"uplift_build_65328ab7e9a266.88555321","api_key":"uplift_api_e89c93cf7d2f023f6d30b5c6bc037902a27eba534e5a0576c257c45b596d43881b377728b75aacaf031edc9dcdd40a4a39fac6c41eb34dbde3cfc77d9c785adf","accelo_company_id":3877,"accelo_company_standing":"active","company_name":"Reyes Pressure Washing","server_ip":"199.250.201.222","website":"https:\/\/www.reyespw.com","version":"4.3.3","indexing_disabled":0,"is_test_build":0,"is_suspended":0,"updated_at":"2026-01-17T05:21:57.000000Z","created_at":null},"error":""} [] []
[2026-01-18T18:04:36.469328+00:00] Uplift.INFO: Ran 1 cron jobs. 1 succeeded. 0 failed. [] []
[2026-01-18T18:09:44.264915+00:00] Uplift.DEBUG: Running crons. [] []
[2026-01-18T18:09:44.269614+00:00] Uplift.INFO: Submitting build info to master control panel. [] []
[2026-01-18T18:09:44.344549+00:00] Uplift.INFO: Successful response from control panel was: {"data":{"id":1412,"uuid":"uplift_build_65328ab7e9a266.88555321","api_key":"uplift_api_e89c93cf7d2f023f6d30b5c6bc037902a27eba534e5a0576c257c45b596d43881b377728b75aacaf031edc9dcdd40a4a39fac6c41eb34dbde3cfc77d9c785adf","accelo_company_id":3877,"accelo_company_standing":"active","company_name":"Reyes Pressure Washing","server_ip":"199.250.201.222","website":"https:\/\/www.reyespw.com","version":"4.3.3","indexing_disabled":0,"is_test_build":0,"is_suspended":0,"updated_at":"2026-01-17T05:21:57.000000Z","created_at":null},"error":""} [] []
[2026-01-18T18:09:44.347325+00:00] Uplift.INFO: Ran 1 cron jobs. 1 succeeded. 0 failed. [] []
[2026-01-18T18:09:45.570536+00:00] Uplift.DEBUG: Running crons. [] []
[2026-01-18T18:09:45.573159+00:00] Uplift.DEBUG: Crons\Jobs\SendUpdateToControlPanel is not due yet. Next due timestamp is 1768760084 which is Jan 18, 2026 18:14:44 [] []
[2026-01-18T18:09:47.642401+00:00] Uplift.DEBUG: Running crons. [] []
[2026-01-18T18:09:47.644841+00:00] Uplift.DEBUG: Crons\Jobs\SendUpdateToControlPanel is not due yet. Next due timestamp is 1768760084 which is Jan 18, 2026 18:14:44 [] []
[2026-01-18T18:10:06.210460+00:00] Uplift.DEBUG: Running crons. [] []
[2026-01-18T18:10:06.213238+00:00] Uplift.DEBUG: Crons\Jobs\SendUpdateToControlPanel is not due yet. Next due timestamp is 1768760084 which is Jan 18, 2026 18:14:44 [] []
[2026-01-18T18:24:36.369766+00:00] Uplift.DEBUG: Running crons. [] []
[2026-01-18T18:24:36.374434+00:00] Uplift.INFO: Submitting build info to master control panel. [] []
[2026-01-18T18:24:36.459994+00:00] Uplift.INFO: Successful response from control panel was: {"data":{"id":1412,"uuid":"uplift_build_65328ab7e9a266.88555321","api_key":"uplift_api_e89c93cf7d2f023f6d30b5c6bc037902a27eba534e5a0576c257c45b596d43881b377728b75aacaf031edc9dcdd40a4a39fac6c41eb34dbde3cfc77d9c785adf","accelo_company_id":3877,"accelo_company_standing":"active","company_name":"Reyes Pressure Washing","server_ip":"199.250.201.222","website":"https:\/\/www.reyespw.com","version":"4.3.3","indexing_disabled":0,"is_test_build":0,"is_suspended":0,"updated_at":"2026-01-17T05:21:57.000000Z","created_at":null},"error":""} [] []
[2026-01-18T18:24:36.462586+00:00] Uplift.INFO: Ran 1 cron jobs. 1 succeeded. 0 failed. [] []
[2026-01-18T18:25:19.197370+00:00] Uplift.DEBUG: Running crons. [] []
[2026-01-18T18:25:19.201374+00:00] Uplift.DEBUG: Crons\Jobs\SendUpdateToControlPanel is not due yet. Next due timestamp is 1768760976 which is Jan 18, 2026 18:29:36 [] []
[2026-01-18T18:27:57.773910+00:00] Uplift.DEBUG: Running crons. [] []
[2026-01-18T18:27:57.776404+00:00] Uplift.DEBUG: Crons\Jobs\SendUpdateToControlPanel is not due yet. Next due timestamp is 1768760976 which is Jan 18, 2026 18:29:36 [] []
[2026-01-18T18:36:16.577219+00:00] Uplift.DEBUG: Running crons. [] []
[2026-01-18T18:36:16.579897+00:00] Uplift.INFO: Submitting build info to master control panel. [] []
[2026-01-18T18:36:16.656404+00:00] Uplift.INFO: Successful response from control panel was: {"data":{"id":1412,"uuid":"uplift_build_65328ab7e9a266.88555321","api_key":"uplift_api_e89c93cf7d2f023f6d30b5c6bc037902a27eba534e5a0576c257c45b596d43881b377728b75aacaf031edc9dcdd40a4a39fac6c41eb34dbde3cfc77d9c785adf","accelo_company_id":3877,"accelo_company_standing":"active","company_name":"Reyes Pressure Washing","server_ip":"199.250.201.222","website":"https:\/\/www.reyespw.com","version":"4.3.3","indexing_disabled":0,"is_test_build":0,"is_suspended":0,"updated_at":"2026-01-17T05:21:57.000000Z","created_at":null},"error":""} [] []
[2026-01-18T18:36:16.658116+00:00] Uplift.INFO: Ran 1 cron jobs. 1 succeeded. 0 failed. [] []
[2026-01-18T18:37:59.635076+00:00] Uplift.DEBUG: Running crons. [] []
[2026-01-18T18:37:59.637787+00:00] Uplift.DEBUG: Crons\Jobs\SendUpdateToControlPanel is not due yet. Next due timestamp is 1768761676 which is Jan 18, 2026 18:41:16 [] []
[2026-01-18T18:38:03.485119+00:00] Uplift.DEBUG: Running crons. [] []
[2026-01-18T18:38:03.487486+00:00] Uplift.DEBUG: Crons\Jobs\SendUpdateToControlPanel is not due yet. Next due timestamp is 1768761676 which is Jan 18, 2026 18:41:16 [] []
[2026-01-18T18:47:02.312795+00:00] Uplift.DEBUG: Running crons. [] []
[2026-01-18T18:47:02.315692+00:00] Uplift.INFO: Submitting build info to master control panel. [] []
[2026-01-18T18:47:02.384161+00:00] Uplift.INFO: Successful response from control panel was: {"data":{"id":1412,"uuid":"uplift_build_65328ab7e9a266.88555321","api_key":"uplift_api_e89c93cf7d2f023f6d30b5c6bc037902a27eba534e5a0576c257c45b596d43881b377728b75aacaf031edc9dcdd40a4a39fac6c41eb34dbde3cfc77d9c785adf","accelo_company_id":3877,"accelo_company_standing":"active","company_name":"Reyes Pressure Washing","server_ip":"199.250.201.222","website":"https:\/\/www.reyespw.com","version":"4.3.3","indexing_disabled":0,"is_test_build":0,"is_suspended":0,"updated_at":"2026-01-17T05:21:57.000000Z","created_at":null},"error":""} [] []
[2026-01-18T18:47:02.385836+00:00] Uplift.INFO: Ran 1 cron jobs. 1 succeeded. 0 failed. [] []
[2026-01-18T18:47:03.126450+00:00] Uplift.DEBUG: Running crons. [] []
[2026-01-18T18:47:03.128926+00:00] Uplift.DEBUG: Crons\Jobs\SendUpdateToControlPanel is not due yet. Next due timestamp is 1768762322 which is Jan 18, 2026 18:52:02 [] []
[2026-01-18T18:47:03.860170+00:00] Uplift.DEBUG: Running crons. [] []
[2026-01-18T18:47:03.863383+00:00] Uplift.DEBUG: Crons\Jobs\SendUpdateToControlPanel is not due yet. Next due timestamp is 1768762322 which is Jan 18, 2026 18:52:02 [] []
[2026-01-18T18:47:04.600563+00:00] Uplift.DEBUG: Running crons. [] []
[2026-01-18T18:47:04.603254+00:00] Uplift.DEBUG: Crons\Jobs\SendUpdateToControlPanel is not due yet. Next due timestamp is 1768762322 which is Jan 18, 2026 18:52:02 [] []
[2026-01-18T18:47:05.331761+00:00] Uplift.DEBUG: Running crons. [] []
[2026-01-18T18:47:05.334312+00:00] Uplift.DEBUG: Crons\Jobs\SendUpdateToControlPanel is not due yet. Next due timestamp is 1768762322 which is Jan 18, 2026 18:52:02 [] []
[2026-01-18T18:47:06.067561+00:00] Uplift.DEBUG: Running crons. [] []
[2026-01-18T18:47:06.069992+00:00] Uplift.DEBUG: Crons\Jobs\SendUpdateToControlPanel is not due yet. Next due timestamp is 1768762322 which is Jan 18, 2026 18:52:02 [] []
[2026-01-18T18:47:06.824607+00:00] Uplift.DEBUG: Running crons. [] []
[2026-01-18T18:47:06.827031+00:00] Uplift.DEBUG: Crons\Jobs\SendUpdateToControlPanel is not due yet. Next due timestamp is 1768762322 which is Jan 18, 2026 18:52:02 [] []
[2026-01-18T18:48:09.467395+00:00] Uplift.DEBUG: Running crons. [] []
[2026-01-18T18:48:09.469942+00:00] Uplift.DEBUG: Crons\Jobs\SendUpdateToControlPanel is not due yet. Next due timestamp is 1768762322 which is Jan 18, 2026 18:52:02 [] []
[2026-01-18T18:48:09.625760+00:00] Uplift.DEBUG: Running crons. [] []
[2026-01-18T18:48:09.628277+00:00] Uplift.DEBUG: Crons\Jobs\SendUpdateToControlPanel is not due yet. Next due timestamp is 1768762322 which is Jan 18, 2026 18:52:02 [] []
[2026-01-18T18:54:53.140588+00:00] Uplift.DEBUG: Running crons. [] []
[2026-01-18T18:54:53.143766+00:00] Uplift.INFO: Submitting build info to master control panel. [] []
[2026-01-18T18:54:53.208024+00:00] Uplift.INFO: Successful response from control panel was: {"data":{"id":1412,"uuid":"uplift_build_65328ab7e9a266.88555321","api_key":"uplift_api_e89c93cf7d2f023f6d30b5c6bc037902a27eba534e5a0576c257c45b596d43881b377728b75aacaf031edc9dcdd40a4a39fac6c41eb34dbde3cfc77d9c785adf","accelo_company_id":3877,"accelo_company_standing":"active","company_name":"Reyes Pressure Washing","server_ip":"199.250.201.222","website":"https:\/\/www.reyespw.com","version":"4.3.3","indexing_disabled":0,"is_test_build":0,"is_suspended":0,"updated_at":"2026-01-17T05:21:57.000000Z","created_at":null},"error":""} [] []
[2026-01-18T18:54:53.209792+00:00] Uplift.INFO: Ran 1 cron jobs. 1 succeeded. 0 failed. [] []
[2026-01-18T18:56:19.133350+00:00] Uplift.DEBUG: Running crons. [] []
[2026-01-18T18:56:19.135878+00:00] Uplift.DEBUG: Crons\Jobs\SendUpdateToControlPanel is not due yet. Next due timestamp is 1768762793 which is Jan 18, 2026 18:59:53 [] []
[2026-01-18T18:57:38.877680+00:00] Uplift.DEBUG: Running crons. [] []
[2026-01-18T18:57:38.880944+00:00] Uplift.DEBUG: Crons\Jobs\SendUpdateToControlPanel is not due yet. Next due timestamp is 1768762793 which is Jan 18, 2026 18:59:53 [] []
[2026-01-18T18:59:03.257025+00:00] Uplift.DEBUG: Running crons. [] []
[2026-01-18T18:59:03.259590+00:00] Uplift.DEBUG: Crons\Jobs\SendUpdateToControlPanel is not due yet. Next due timestamp is 1768762793 which is Jan 18, 2026 18:59:53 [] []
[2026-01-18T19:19:25.048574+00:00] Uplift.DEBUG: Running crons. [] []
[2026-01-18T19:19:25.051531+00:00] Uplift.INFO: Submitting build info to master control panel. [] []
[2026-01-18T19:19:25.114424+00:00] Uplift.INFO: Successful response from control panel was: {"data":{"id":1412,"uuid":"uplift_build_65328ab7e9a266.88555321","api_key":"uplift_api_e89c93cf7d2f023f6d30b5c6bc037902a27eba534e5a0576c257c45b596d43881b377728b75aacaf031edc9dcdd40a4a39fac6c41eb34dbde3cfc77d9c785adf","accelo_company_id":3877,"accelo_company_standing":"active","company_name":"Reyes Pressure Washing","server_ip":"199.250.201.222","website":"https:\/\/www.reyespw.com","version":"4.3.3","indexing_disabled":0,"is_test_build":0,"is_suspended":0,"updated_at":"2026-01-17T05:21:57.000000Z","created_at":null},"error":""} [] []
[2026-01-18T19:19:25.115993+00:00] Uplift.INFO: Ran 1 cron jobs. 1 succeeded. 0 failed. [] []
[2026-01-18T19:20:49.240887+00:00] Uplift.DEBUG: Running crons. [] []
[2026-01-18T19:20:49.243471+00:00] Uplift.DEBUG: Crons\Jobs\SendUpdateToControlPanel is not due yet. Next due timestamp is 1768764265 which is Jan 18, 2026 19:24:25 [] []
[2026-01-18T19:27:07.173754+00:00] Uplift.DEBUG: Running crons. [] []
[2026-01-18T19:27:07.176715+00:00] Uplift.INFO: Submitting build info to master control panel. [] []
[2026-01-18T19:27:07.246423+00:00] Uplift.INFO: Successful response from control panel was: {"data":{"id":1412,"uuid":"uplift_build_65328ab7e9a266.88555321","api_key":"uplift_api_e89c93cf7d2f023f6d30b5c6bc037902a27eba534e5a0576c257c45b596d43881b377728b75aacaf031edc9dcdd40a4a39fac6c41eb34dbde3cfc77d9c785adf","accelo_company_id":3877,"accelo_company_standing":"active","company_name":"Reyes Pressure Washing","server_ip":"199.250.201.222","website":"https:\/\/www.reyespw.com","version":"4.3.3","indexing_disabled":0,"is_test_build":0,"is_suspended":0,"updated_at":"2026-01-17T05:21:57.000000Z","created_at":null},"error":""} [] []
[2026-01-18T19:27:07.248881+00:00] Uplift.INFO: Ran 1 cron jobs. 1 succeeded. 0 failed. [] []
[2026-01-18T19:28:05.443399+00:00] Uplift.DEBUG: Running crons. [] []
[2026-01-18T19:28:05.446070+00:00] Uplift.DEBUG: Crons\Jobs\SendUpdateToControlPanel is not due yet. Next due timestamp is 1768764727 which is Jan 18, 2026 19:32:07 [] []
[2026-01-18T19:43:43.691119+00:00] Uplift.DEBUG: Running crons. [] []
[2026-01-18T19:43:43.695026+00:00] Uplift.INFO: Submitting build info to master control panel. [] []
[2026-01-18T19:43:43.768614+00:00] Uplift.INFO: Successful response from control panel was: {"data":{"id":1412,"uuid":"uplift_build_65328ab7e9a266.88555321","api_key":"uplift_api_e89c93cf7d2f023f6d30b5c6bc037902a27eba534e5a0576c257c45b596d43881b377728b75aacaf031edc9dcdd40a4a39fac6c41eb34dbde3cfc77d9c785adf","accelo_company_id":3877,"accelo_company_standing":"active","company_name":"Reyes Pressure Washing","server_ip":"199.250.201.222","website":"https:\/\/www.reyespw.com","version":"4.3.3","indexing_disabled":0,"is_test_build":0,"is_suspended":0,"updated_at":"2026-01-17T05:21:57.000000Z","created_at":null},"error":""} [] []
[2026-01-18T19:43:43.771114+00:00] Uplift.INFO: Ran 1 cron jobs. 1 succeeded. 0 failed. [] []
[2026-01-18T19:44:11.966535+00:00] Uplift.DEBUG: Running crons. [] []
[2026-01-18T19:44:11.969012+00:00] Uplift.DEBUG: Crons\Jobs\SendUpdateToControlPanel is not due yet. Next due timestamp is 1768765723 which is Jan 18, 2026 19:48:43 [] []
[2026-01-18T20:13:57.986615+00:00] Uplift.DEBUG: Running crons. [] []
[2026-01-18T20:13:57.990963+00:00] Uplift.INFO: Submitting build info to master control panel. [] []
[2026-01-18T20:13:58.057894+00:00] Uplift.INFO: Successful response from control panel was: {"data":{"id":1412,"uuid":"uplift_build_65328ab7e9a266.88555321","api_key":"uplift_api_e89c93cf7d2f023f6d30b5c6bc037902a27eba534e5a0576c257c45b596d43881b377728b75aacaf031edc9dcdd40a4a39fac6c41eb34dbde3cfc77d9c785adf","accelo_company_id":3877,"accelo_company_standing":"active","company_name":"Reyes Pressure Washing","server_ip":"199.250.201.222","website":"https:\/\/www.reyespw.com","version":"4.3.3","indexing_disabled":0,"is_test_build":0,"is_suspended":0,"updated_at":"2026-01-17T05:21:57.000000Z","created_at":null},"error":""} [] []
[2026-01-18T20:13:58.059714+00:00] Uplift.INFO: Ran 1 cron jobs. 1 succeeded. 0 failed. [] []
[2026-01-18T20:22:43.460802+00:00] Uplift.DEBUG: Running crons. [] []
[2026-01-18T20:22:43.465993+00:00] Uplift.INFO: Submitting build info to master control panel. [] []
[2026-01-18T20:22:43.534986+00:00] Uplift.INFO: Successful response from control panel was: {"data":{"id":1412,"uuid":"uplift_build_65328ab7e9a266.88555321","api_key":"uplift_api_e89c93cf7d2f023f6d30b5c6bc037902a27eba534e5a0576c257c45b596d43881b377728b75aacaf031edc9dcdd40a4a39fac6c41eb34dbde3cfc77d9c785adf","accelo_company_id":3877,"accelo_company_standing":"active","company_name":"Reyes Pressure Washing","server_ip":"199.250.201.222","website":"https:\/\/www.reyespw.com","version":"4.3.3","indexing_disabled":0,"is_test_build":0,"is_suspended":0,"updated_at":"2026-01-17T05:21:57.000000Z","created_at":null},"error":""} [] []
[2026-01-18T20:22:43.537500+00:00] Uplift.INFO: Ran 1 cron jobs. 1 succeeded. 0 failed. [] []
[2026-01-18T20:37:21.434676+00:00] Uplift.DEBUG: Running crons. [] []
[2026-01-18T20:37:21.437332+00:00] Uplift.INFO: Submitting build info to master control panel. [] []
[2026-01-18T20:37:21.504898+00:00] Uplift.INFO: Successful response from control panel was: {"data":{"id":1412,"uuid":"uplift_build_65328ab7e9a266.88555321","api_key":"uplift_api_e89c93cf7d2f023f6d30b5c6bc037902a27eba534e5a0576c257c45b596d43881b377728b75aacaf031edc9dcdd40a4a39fac6c41eb34dbde3cfc77d9c785adf","accelo_company_id":3877,"accelo_company_standing":"active","company_name":"Reyes Pressure Washing","server_ip":"199.250.201.222","website":"https:\/\/www.reyespw.com","version":"4.3.3","indexing_disabled":0,"is_test_build":0,"is_suspended":0,"updated_at":"2026-01-17T05:21:57.000000Z","created_at":null},"error":""} [] []
[2026-01-18T20:37:21.506792+00:00] Uplift.INFO: Ran 1 cron jobs. 1 succeeded. 0 failed. [] []
[2026-01-18T20:42:01.998434+00:00] Uplift.DEBUG: Running crons. [] []
[2026-01-18T20:42:02.002451+00:00] Uplift.DEBUG: Crons\Jobs\SendUpdateToControlPanel is not due yet. Next due timestamp is 1768768941 which is Jan 18, 2026 20:42:21 [] []
[2026-01-18T20:42:07.055107+00:00] Uplift.DEBUG: Running crons. [] []
[2026-01-18T20:42:07.058804+00:00] Uplift.DEBUG: Crons\Jobs\SendUpdateToControlPanel is not due yet. Next due timestamp is 1768768941 which is Jan 18, 2026 20:42:21 [] []
[2026-01-18T21:20:06.380705+00:00] Uplift.DEBUG: Running crons. [] []
[2026-01-18T21:20:06.384869+00:00] Uplift.INFO: Submitting build info to master control panel. [] []
[2026-01-18T21:20:06.510823+00:00] Uplift.INFO: Successful response from control panel was: {"data":{"id":1412,"uuid":"uplift_build_65328ab7e9a266.88555321","api_key":"uplift_api_e89c93cf7d2f023f6d30b5c6bc037902a27eba534e5a0576c257c45b596d43881b377728b75aacaf031edc9dcdd40a4a39fac6c41eb34dbde3cfc77d9c785adf","accelo_company_id":3877,"accelo_company_standing":"active","company_name":"Reyes Pressure Washing","server_ip":"199.250.201.222","website":"https:\/\/www.reyespw.com","version":"4.3.3","indexing_disabled":0,"is_test_build":0,"is_suspended":0,"updated_at":"2026-01-17T05:21:57.000000Z","created_at":null},"error":""} [] []
[2026-01-18T21:20:06.512546+00:00] Uplift.INFO: Ran 1 cron jobs. 1 succeeded. 0 failed. [] []
[2026-01-18T21:33:20.009919+00:00] Uplift.DEBUG: Running crons. [] []
[2026-01-18T21:33:20.012721+00:00] Uplift.INFO: Submitting build info to master control panel. [] []
[2026-01-18T21:33:20.076742+00:00] Uplift.INFO: Successful response from control panel was: {"data":{"id":1412,"uuid":"uplift_build_65328ab7e9a266.88555321","api_key":"uplift_api_e89c93cf7d2f023f6d30b5c6bc037902a27eba534e5a0576c257c45b596d43881b377728b75aacaf031edc9dcdd40a4a39fac6c41eb34dbde3cfc77d9c785adf","accelo_company_id":3877,"accelo_company_standing":"active","company_name":"Reyes Pressure Washing","server_ip":"199.250.201.222","website":"https:\/\/www.reyespw.com","version":"4.3.3","indexing_disabled":0,"is_test_build":0,"is_suspended":0,"updated_at":"2026-01-17T05:21:57.000000Z","created_at":null},"error":""} [] []
[2026-01-18T21:33:20.078403+00:00] Uplift.INFO: Ran 1 cron jobs. 1 succeeded. 0 failed. [] []
[2026-01-18T21:54:12.164688+00:00] Uplift.DEBUG: Running crons. [] []
[2026-01-18T21:54:12.169256+00:00] Uplift.INFO: Submitting build info to master control panel. [] []
[2026-01-18T21:54:12.367043+00:00] Uplift.INFO: Successful response from control panel was: {"data":{"id":1412,"uuid":"uplift_build_65328ab7e9a266.88555321","api_key":"uplift_api_e89c93cf7d2f023f6d30b5c6bc037902a27eba534e5a0576c257c45b596d43881b377728b75aacaf031edc9dcdd40a4a39fac6c41eb34dbde3cfc77d9c785adf","accelo_company_id":3877,"accelo_company_standing":"active","company_name":"Reyes Pressure Washing","server_ip":"199.250.201.222","website":"https:\/\/www.reyespw.com","version":"4.3.3","indexing_disabled":0,"is_test_build":0,"is_suspended":0,"updated_at":"2026-01-17T05:21:57.000000Z","created_at":null},"error":""} [] []
[2026-01-18T21:54:12.369469+00:00] Uplift.INFO: Ran 1 cron jobs. 1 succeeded. 0 failed. [] []
[2026-01-18T22:08:53.491528+00:00] Uplift.DEBUG: Running crons. [] []
[2026-01-18T22:08:53.495807+00:00] Uplift.INFO: Submitting build info to master control panel. [] []
[2026-01-18T22:08:53.568369+00:00] Uplift.INFO: Successful response from control panel was: {"data":{"id":1412,"uuid":"uplift_build_65328ab7e9a266.88555321","api_key":"uplift_api_e89c93cf7d2f023f6d30b5c6bc037902a27eba534e5a0576c257c45b596d43881b377728b75aacaf031edc9dcdd40a4a39fac6c41eb34dbde3cfc77d9c785adf","accelo_company_id":3877,"accelo_company_standing":"active","company_name":"Reyes Pressure Washing","server_ip":"199.250.201.222","website":"https:\/\/www.reyespw.com","version":"4.3.3","indexing_disabled":0,"is_test_build":0,"is_suspended":0,"updated_at":"2026-01-17T05:21:57.000000Z","created_at":null},"error":""} [] []
[2026-01-18T22:08:53.571000+00:00] Uplift.INFO: Ran 1 cron jobs. 1 succeeded. 0 failed. [] []
[2026-01-18T22:13:43.784112+00:00] Uplift.DEBUG: Running crons. [] []
[2026-01-18T22:13:43.786845+00:00] Uplift.DEBUG: Crons\Jobs\SendUpdateToControlPanel is not due yet. Next due timestamp is 1768774433 which is Jan 18, 2026 22:13:53 [] []
[2026-01-18T22:14:34.365666+00:00] Uplift.DEBUG: Running crons. [] []
[2026-01-18T22:14:34.368382+00:00] Uplift.INFO: Submitting build info to master control panel. [] []
[2026-01-18T22:14:34.438648+00:00] Uplift.INFO: Successful response from control panel was: {"data":{"id":1412,"uuid":"uplift_build_65328ab7e9a266.88555321","api_key":"uplift_api_e89c93cf7d2f023f6d30b5c6bc037902a27eba534e5a0576c257c45b596d43881b377728b75aacaf031edc9dcdd40a4a39fac6c41eb34dbde3cfc77d9c785adf","accelo_company_id":3877,"accelo_company_standing":"active","company_name":"Reyes Pressure Washing","server_ip":"199.250.201.222","website":"https:\/\/www.reyespw.com","version":"4.3.3","indexing_disabled":0,"is_test_build":0,"is_suspended":0,"updated_at":"2026-01-17T05:21:57.000000Z","created_at":null},"error":""} [] []
[2026-01-18T22:14:34.440271+00:00] Uplift.INFO: Ran 1 cron jobs. 1 succeeded. 0 failed. [] []
[2026-01-18T22:50:42.449772+00:00] Uplift.DEBUG: Running crons. [] []
[2026-01-18T22:50:42.456633+00:00] Uplift.INFO: Submitting build info to master control panel. [] []
[2026-01-18T22:50:42.524930+00:00] Uplift.INFO: Successful response from control panel was: {"data":{"id":1412,"uuid":"uplift_build_65328ab7e9a266.88555321","api_key":"uplift_api_e89c93cf7d2f023f6d30b5c6bc037902a27eba534e5a0576c257c45b596d43881b377728b75aacaf031edc9dcdd40a4a39fac6c41eb34dbde3cfc77d9c785adf","accelo_company_id":3877,"accelo_company_standing":"active","company_name":"Reyes Pressure Washing","server_ip":"199.250.201.222","website":"https:\/\/www.reyespw.com","version":"4.3.3","indexing_disabled":0,"is_test_build":0,"is_suspended":0,"updated_at":"2026-01-17T05:21:57.000000Z","created_at":null},"error":""} [] []
[2026-01-18T22:50:42.526743+00:00] Uplift.INFO: Ran 1 cron jobs. 1 succeeded. 0 failed. [] []
[2026-01-18T22:54:48.546479+00:00] Uplift.DEBUG: Running crons. [] []
[2026-01-18T22:54:48.549437+00:00] Uplift.DEBUG: Crons\Jobs\SendUpdateToControlPanel is not due yet. Next due timestamp is 1768776942 which is Jan 18, 2026 22:55:42 [] []
[2026-01-18T22:57:18.120502+00:00] Uplift.DEBUG: Running crons. [] []
[2026-01-18T22:57:18.123148+00:00] Uplift.INFO: Submitting build info to master control panel. [] []
[2026-01-18T22:57:18.195709+00:00] Uplift.INFO: Successful response from control panel was: {"data":{"id":1412,"uuid":"uplift_build_65328ab7e9a266.88555321","api_key":"uplift_api_e89c93cf7d2f023f6d30b5c6bc037902a27eba534e5a0576c257c45b596d43881b377728b75aacaf031edc9dcdd40a4a39fac6c41eb34dbde3cfc77d9c785adf","accelo_company_id":3877,"accelo_company_standing":"active","company_name":"Reyes Pressure Washing","server_ip":"199.250.201.222","website":"https:\/\/www.reyespw.com","version":"4.3.3","indexing_disabled":0,"is_test_build":0,"is_suspended":0,"updated_at":"2026-01-17T05:21:57.000000Z","created_at":null},"error":""} [] []
[2026-01-18T22:57:18.198529+00:00] Uplift.INFO: Ran 1 cron jobs. 1 succeeded. 0 failed. [] []
[2026-01-18T23:15:12.122710+00:00] Uplift.DEBUG: Running crons. [] []
[2026-01-18T23:15:12.125595+00:00] Uplift.INFO: Submitting build info to master control panel. [] []
[2026-01-18T23:15:12.196658+00:00] Uplift.INFO: Successful response from control panel was: {"data":{"id":1412,"uuid":"uplift_build_65328ab7e9a266.88555321","api_key":"uplift_api_e89c93cf7d2f023f6d30b5c6bc037902a27eba534e5a0576c257c45b596d43881b377728b75aacaf031edc9dcdd40a4a39fac6c41eb34dbde3cfc77d9c785adf","accelo_company_id":3877,"accelo_company_standing":"active","company_name":"Reyes Pressure Washing","server_ip":"199.250.201.222","website":"https:\/\/www.reyespw.com","version":"4.3.3","indexing_disabled":0,"is_test_build":0,"is_suspended":0,"updated_at":"2026-01-17T05:21:57.000000Z","created_at":null},"error":""} [] []
[2026-01-18T23:15:12.198444+00:00] Uplift.INFO: Ran 1 cron jobs. 1 succeeded. 0 failed. [] []
[2026-01-18T23:47:58.183862+00:00] Uplift.DEBUG: Running crons. [] []
[2026-01-18T23:47:58.186876+00:00] Uplift.INFO: Submitting build info to master control panel. [] []
[2026-01-18T23:47:58.252510+00:00] Uplift.INFO: Successful response from control panel was: {"data":{"id":1412,"uuid":"uplift_build_65328ab7e9a266.88555321","api_key":"uplift_api_e89c93cf7d2f023f6d30b5c6bc037902a27eba534e5a0576c257c45b596d43881b377728b75aacaf031edc9dcdd40a4a39fac6c41eb34dbde3cfc77d9c785adf","accelo_company_id":3877,"accelo_company_standing":"active","company_name":"Reyes Pressure Washing","server_ip":"199.250.201.222","website":"https:\/\/www.reyespw.com","version":"4.3.3","indexing_disabled":0,"is_test_build":0,"is_suspended":0,"updated_at":"2026-01-17T05:21:57.000000Z","created_at":null},"error":""} [] []
[2026-01-18T23:47:58.254108+00:00] Uplift.INFO: Ran 1 cron jobs. 1 succeeded. 0 failed. [] []
[2026-01-18T23:47:58.514328+00:00] Uplift.DEBUG: Running crons. [] []
[2026-01-18T23:47:58.516849+00:00] Uplift.DEBUG: Crons\Jobs\SendUpdateToControlPanel is not due yet. Next due timestamp is 1768780378 which is Jan 18, 2026 23:52:58 [] []
[2026-01-18T23:57:25.882248+00:00] Uplift.DEBUG: Running crons. [] []
[2026-01-18T23:57:25.884862+00:00] Uplift.INFO: Submitting build info to master control panel. [] []
[2026-01-18T23:57:25.947600+00:00] Uplift.INFO: Successful response from control panel was: {"data":{"id":1412,"uuid":"uplift_build_65328ab7e9a266.88555321","api_key":"uplift_api_e89c93cf7d2f023f6d30b5c6bc037902a27eba534e5a0576c257c45b596d43881b377728b75aacaf031edc9dcdd40a4a39fac6c41eb34dbde3cfc77d9c785adf","accelo_company_id":3877,"accelo_company_standing":"active","company_name":"Reyes Pressure Washing","server_ip":"199.250.201.222","website":"https:\/\/www.reyespw.com","version":"4.3.3","indexing_disabled":0,"is_test_build":0,"is_suspended":0,"updated_at":"2026-01-17T05:21:57.000000Z","created_at":null},"error":""} [] []
[2026-01-18T23:57:25.949394+00:00] Uplift.INFO: Ran 1 cron jobs. 1 succeeded. 0 failed. [] []
